1683209201365	geckodriver	INFO	Listening on 127.0.0.1:58857
1683209276324	geckodriver	INFO	Listening on 127.0.0.1:50159
1683209276337	mozrunner::runner	INFO	Running command: "/usr/bin/firefox" "--marionette" "--headless" "--remote-debugging-port" "38063" "--remote-allow-hosts" "localhost" "-no-remote" "-profile" "/tmp/rust_mozprofile99QG40"
*** You are running in headless mode.
1683209276631	Marionette	INFO	Marionette enabled
1683209276636	Marionette	INFO	Listening on port 41861
Read port: 41861
WebDriver BiDi listening on ws://localhost:38063
1683209276756	RemoteAgent	WARN	TLS certificate errors will be ignored for this session
[GFX1-]: RenderCompositorSWGL failed mapping default framebuffer, no dt
console.warn: SearchSettings: "get: No settings file exists, new profile?" (new NotFoundError("Could not open the file at /tmp/rust_mozprofile99QG40/search.json.mozlz4", (void 0)))
Missing chrome or resource URL: resource://gre/modules/UpdateListener.jsm
Missing chrome or resource URL: resource://gre/modules/UpdateListener.sys.mjs
DevTools listening on ws://localhost:38063/devtools/browser/ef2e6c93-d93b-4421-9c81-1f77f438db1f
1683209283676	geckodriver	INFO	Listening on 127.0.0.1:35839
1683209283682	mozrunner::runner	INFO	Running command: "/usr/bin/firefox" "--marionette" "--headless" "--remote-debugging-port" "51167" "--remote-allow-hosts" "localhost" "-no-remote" "-profile" "/tmp/rust_mozprofileY3rShr"
*** You are running in headless mode.
1683209283977	Marionette	INFO	Marionette enabled
1683209283981	Marionette	INFO	Listening on port 36669
Read port: 36669
WebDriver BiDi listening on ws://localhost:51167
1683209284075	RemoteAgent	WARN	TLS certificate errors will be ignored for this session
[GFX1-]: RenderCompositorSWGL failed mapping default framebuffer, no dt
console.warn: SearchSettings: "get: No settings file exists, new profile?" (new NotFoundError("Could not open the file at /tmp/rust_mozprofileY3rShr/search.json.mozlz4", (void 0)))
Missing chrome or resource URL: resource://gre/modules/UpdateListener.jsm
Missing chrome or resource URL: resource://gre/modules/UpdateListener.sys.mjs
DevTools listening on ws://localhost:51167/devtools/browser/6d0eb399-48a6-46ba-9fed-e5c4274377c0
JavaScript warning: https://www.amazon.com/gp/bestsellers/ line 2484 > injectedScript, line 1: WEBGL_debug_renderer_info is deprecated in Firefox and will be removed. Please use RENDERER.
JavaScript error: https://m.media-amazon.com/images/I/51EIwpasq4L.js?AUIClients/CardJsRuntimeBuzzCopyBuild, line 32: TypeError: b.cardModuleFactory is not a function
JavaScript error: https://m.media-amazon.com/images/I/51EIwpasq4L.js?AUIClients/CardJsRuntimeBuzzCopyBuild, line 32: TypeError: b.cardModuleFactory is not a function
JavaScript error: https://m.media-amazon.com/images/I/51EIwpasq4L.js?AUIClients/CardJsRuntimeBuzzCopyBuild, line 32: TypeError: b.cardModuleFactory is not a function
JavaScript error: https://m.media-amazon.com/images/I/51EIwpasq4L.js?AUIClients/CardJsRuntimeBuzzCopyBuild, line 32: TypeError: b.cardModuleFactory is not a function
Exiting due to channel error.
Exiting due to channel error.
Exiting due to channel error.
Exiting due to channel error.
Exiting due to channel error.
Exiting due to channel error.
1683209595325	geckodriver	INFO	Listening on 127.0.0.1:43659
1683209595329	mozrunner::runner	INFO	Running command: "/usr/bin/firefox" "--marionette" "--headless" "--remote-debugging-port" "36825" "--remote-allow-hosts" "localhost" "-no-remote" "-profile" "/tmp/rust_mozprofilehluVAr"
*** You are running in headless mode.
1683209595595	Marionette	INFO	Marionette enabled
1683209595598	Marionette	INFO	Listening on port 39673
WebDriver BiDi listening on ws://localhost:36825
Read port: 39673
1683209595694	RemoteAgent	WARN	TLS certificate errors will be ignored for this session
[GFX1-]: RenderCompositorSWGL failed mapping default framebuffer, no dt
console.warn: SearchSettings: "get: No settings file exists, new profile?" (new NotFoundError("Could not open the file at /tmp/rust_mozprofilehluVAr/search.json.mozlz4", (void 0)))
Missing chrome or resource URL: resource://gre/modules/UpdateListener.jsm
Missing chrome or resource URL: resource://gre/modules/UpdateListener.sys.mjs
DevTools listening on ws://localhost:36825/devtools/browser/075e4a0f-895f-47eb-970f-3b785d86c629
1683209641025	geckodriver	INFO	Listening on 127.0.0.1:44189
1683209641029	mozrunner::runner	INFO	Running command: "/usr/bin/firefox" "--marionette" "--headless" "--remote-debugging-port" "45163" "--remote-allow-hosts" "localhost" "-no-remote" "-profile" "/tmp/rust_mozprofiler9mucy"
*** You are running in headless mode.
1683209641304	Marionette	INFO	Marionette enabled
1683209641309	Marionette	INFO	Listening on port 42525
WebDriver BiDi listening on ws://localhost:45163
Read port: 42525
1683209641407	RemoteAgent	WARN	TLS certificate errors will be ignored for this session
[GFX1-]: RenderCompositorSWGL failed mapping default framebuffer, no dt
console.warn: SearchSettings: "get: No settings file exists, new profile?" (new NotFoundError("Could not open the file at /tmp/rust_mozprofiler9mucy/search.json.mozlz4", (void 0)))
Missing chrome or resource URL: resource://gre/modules/UpdateListener.jsm
Missing chrome or resource URL: resource://gre/modules/UpdateListener.sys.mjs
DevTools listening on ws://localhost:45163/devtools/browser/4cc192c2-c53c-408b-8b50-4261c75ce452
1683209658333	geckodriver	INFO	Listening on 127.0.0.1:44399
1683209658336	mozrunner::runner	INFO	Running command: "/usr/bin/firefox" "--marionette" "--remote-debugging-port" "49771" "--remote-allow-hosts" "localhost" "-no-remote" "-profile" "/tmp/rust_mozprofilenohZVg"
1683209658805	Marionette	INFO	Marionette enabled
1683209658809	Marionette	INFO	Listening on port 41467
WebDriver BiDi listening on ws://localhost:49771
Read port: 41467
1683209658956	RemoteAgent	WARN	TLS certificate errors will be ignored for this session
console.warn: SearchSettings: "get: No settings file exists, new profile?" (new NotFoundError("Could not open the file at /tmp/rust_mozprofilenohZVg/search.json.mozlz4", (void 0)))
Missing chrome or resource URL: resource://gre/modules/UpdateListener.jsm
Missing chrome or resource URL: resource://gre/modules/UpdateListener.sys.mjs
DevTools listening on ws://localhost:49771/devtools/browser/41e719e4-afc4-4be8-a00a-639af290dd07
ATTENTION: default value of option mesa_glthread overridden by environment.
JavaScript warning: https://www.amazon.com/gp/bestsellers/ line 2490 > injectedScript, line 1: WEBGL_debug_renderer_info is deprecated in Firefox and will be removed. Please use RENDERER.
JavaScript error: https://m.media-amazon.com/images/I/51EIwpasq4L.js?AUIClients/CardJsRuntimeBuzzCopyBuild, line 32: TypeError: b.cardModuleFactory is not a function
JavaScript error: https://m.media-amazon.com/images/I/51EIwpasq4L.js?AUIClients/CardJsRuntimeBuzzCopyBuild, line 32: TypeError: b.cardModuleFactory is not a function
JavaScript error: https://m.media-amazon.com/images/I/51EIwpasq4L.js?AUIClients/CardJsRuntimeBuzzCopyBuild, line 32: TypeError: b.cardModuleFactory is not a function
JavaScript error: https://m.media-amazon.com/images/I/51EIwpasq4L.js?AUIClients/CardJsRuntimeBuzzCopyBuild, line 32: TypeError: b.cardModuleFactory is not a function
JavaScript warning: https://www.amazon.com/product-reviews/B0014C2NBC/?ie=UTF8&reviewerType=all_reviews&pageNumber=1 line 3345 > injectedScript, line 1: WEBGL_debug_renderer_info is deprecated in Firefox and will be removed. Please use RENDERER.
JavaScript warning: https://www.amazon.com/product-reviews/B0014C2NBC/?ie=UTF8&reviewerType=all_reviews&pageNumber=2 line 3241 > injectedScript, line 1: WEBGL_debug_renderer_info is deprecated in Firefox and will be removed. Please use RENDERER.
JavaScript warning: https://www.amazon.com/product-reviews/B0014C2NBC/?ie=UTF8&reviewerType=all_reviews&pageNumber=1 line 3345 > injectedScript, line 1: WEBGL_debug_renderer_info is deprecated in Firefox and will be removed. Please use RENDERER.
JavaScript warning: https://www.amazon.com/product-reviews/B0014C2NBC/?ie=UTF8&reviewerType=all_reviews&pageNumber=2 line 3241 > injectedScript, line 1: WEBGL_debug_renderer_info is deprecated in Firefox and will be removed. Please use RENDERER.
JavaScript warning: https://www.amazon.com/product-reviews/B0014C2NBC/?ie=UTF8&reviewerType=all_reviews&pageNumber=1 line 3345 > injectedScript, line 1: WEBGL_debug_renderer_info is deprecated in Firefox and will be removed. Please use RENDERER.
JavaScript warning: https://www.amazon.com/product-reviews/B0014C2NBC/?ie=UTF8&reviewerType=all_reviews&pageNumber=2 line 3241 > injectedScript, line 1: WEBGL_debug_renderer_info is deprecated in Firefox and will be removed. Please use RENDERER.
JavaScript warning: https://www.amazon.com/product-reviews/B0014C2NBC/?ie=UTF8&reviewerType=all_reviews&pageNumber=1 line 3345 > injectedScript, line 1: WEBGL_debug_renderer_info is deprecated in Firefox and will be removed. Please use RENDERER.
JavaScript warning: https://www.amazon.com/product-reviews/B0014C2NBC/?ie=UTF8&reviewerType=all_reviews&pageNumber=2 line 3241 > injectedScript, line 1: WEBGL_debug_renderer_info is deprecated in Firefox and will be removed. Please use RENDERER.
JavaScript warning: https://www.amazon.com/product-reviews/B0014C2NBC/?ie=UTF8&reviewerType=all_reviews&pageNumber=1 line 3345 > injectedScript, line 1: WEBGL_debug_renderer_info is deprecated in Firefox and will be removed. Please use RENDERER.
JavaScript warning: https://www.amazon.com/product-reviews/B0014C2NBC/?ie=UTF8&reviewerType=all_reviews&pageNumber=2 line 3241 > injectedScript, line 1: WEBGL_debug_renderer_info is deprecated in Firefox and will be removed. Please use RENDERER.
Missing chrome or resource URL: resource://gre/modules/UpdateListener.jsm
Missing chrome or resource URL: resource://gre/modules/UpdateListener.sys.mjs
console.error: "Error during quit-application-granted: [Exception... \"File error: Not found\"  nsresult: \"0x80520012 (NS_ERROR_FILE_NOT_FOUND)\"  location: \"JS frame :: resource:///modules/BrowserGlue.jsm :: _onQuitApplicationGranted/tasks< :: line 2006\"  data: no]"
1683209749426	Marionette	INFO	Stopped listening on port 41467
console.warn: TopSitesFeed: Failed to fetch data from Contile server: NetworkError when attempting to fetch resource.
1683209799229	geckodriver	INFO	Listening on 127.0.0.1:58771
1683209799232	mozrunner::runner	INFO	Running command: "/usr/bin/firefox" "--marionette" "--remote-debugging-port" "46823" "--remote-allow-hosts" "localhost" "-no-remote" "-profile" "/tmp/rust_mozprofile0pNY3i"
1683209799728	Marionette	INFO	Marionette enabled
1683209799732	Marionette	INFO	Listening on port 35847
Read port: 35847
WebDriver BiDi listening on ws://localhost:46823
1683209799880	RemoteAgent	WARN	TLS certificate errors will be ignored for this session
console.warn: SearchSettings: "get: No settings file exists, new profile?" (new NotFoundError("Could not open the file at /tmp/rust_mozprofile0pNY3i/search.json.mozlz4", (void 0)))
Missing chrome or resource URL: resource://gre/modules/UpdateListener.jsm
Missing chrome or resource URL: resource://gre/modules/UpdateListener.sys.mjs
DevTools listening on ws://localhost:46823/devtools/browser/dd5b8992-ed30-459a-91c4-b5786fa3aef9
1683209820335	geckodriver	INFO	Listening on 127.0.0.1:49695
1683209820339	mozrunner::runner	INFO	Running command: "/usr/bin/firefox" "--marionette" "--headless" "--remote-debugging-port" "40783" "--remote-allow-hosts" "localhost" "-no-remote" "-profile" "/tmp/rust_mozprofilerWwyRt"
*** You are running in headless mode.
1683209820622	Marionette	INFO	Marionette enabled
1683209820625	Marionette	INFO	Listening on port 43237
WebDriver BiDi listening on ws://localhost:40783
Read port: 43237
1683209820730	RemoteAgent	WARN	TLS certificate errors will be ignored for this session
[GFX1-]: RenderCompositorSWGL failed mapping default framebuffer, no dt
console.warn: SearchSettings: "get: No settings file exists, new profile?" (new NotFoundError("Could not open the file at /tmp/rust_mozprofilerWwyRt/search.json.mozlz4", (void 0)))
Missing chrome or resource URL: resource://gre/modules/UpdateListener.jsm
Missing chrome or resource URL: resource://gre/modules/UpdateListener.sys.mjs
DevTools listening on ws://localhost:40783/devtools/browser/8f974f1a-8533-48f5-a65f-2b396487c295
JavaScript warning: https://www.amazon.com/gp/bestsellers/ line 2484 > injectedScript, line 1: WEBGL_debug_renderer_info is deprecated in Firefox and will be removed. Please use RENDERER.
JavaScript error: https://m.media-amazon.com/images/I/51EIwpasq4L.js?AUIClients/CardJsRuntimeBuzzCopyBuild, line 32: TypeError: b.cardModuleFactory is not a function
JavaScript error: https://m.media-amazon.com/images/I/51EIwpasq4L.js?AUIClients/CardJsRuntimeBuzzCopyBuild, line 32: TypeError: b.cardModuleFactory is not a function
JavaScript error: https://m.media-amazon.com/images/I/51EIwpasq4L.js?AUIClients/CardJsRuntimeBuzzCopyBuild, line 32: TypeError: b.cardModuleFactory is not a function
JavaScript error: https://m.media-amazon.com/images/I/51EIwpasq4L.js?AUIClients/CardJsRuntimeBuzzCopyBuild, line 32: TypeError: b.cardModuleFactory is not a function
JavaScript warning: https://www.amazon.com/product-reviews/B08C1W5N87/?ie=UTF8&reviewerType=all_reviews&pageNumber=1 line 3039 > injectedScript, line 1: WEBGL_debug_renderer_info is deprecated in Firefox and will be removed. Please use RENDERER.
JavaScript warning: https://www.amazon.com/product-reviews/B08C1W5N87/?ie=UTF8&reviewerType=all_reviews&pageNumber=2 line 3135 > injectedScript, line 1: WEBGL_debug_renderer_info is deprecated in Firefox and will be removed. Please use RENDERER.
JavaScript warning: https://www.amazon.com/product-reviews/B077ZMKWVM/?ie=UTF8&reviewerType=all_reviews&pageNumber=1 line 3129 > injectedScript, line 1: WEBGL_debug_renderer_info is deprecated in Firefox and will be removed. Please use RENDERER.
JavaScript warning: https://www.amazon.com/product-reviews/B077ZMKWVM/?ie=UTF8&reviewerType=all_reviews&pageNumber=2 line 3130 > injectedScript, line 1: WEBGL_debug_renderer_info is deprecated in Firefox and will be removed. Please use RENDERER.
JavaScript warning: https://www.amazon.com/product-reviews/B0000ANHT7/?ie=UTF8&reviewerType=all_reviews&pageNumber=1 line 3141 > injectedScript, line 1: WEBGL_debug_renderer_info is deprecated in Firefox and will be removed. Please use RENDERER.
JavaScript warning: https://www.amazon.com/product-reviews/B0000ANHT7/?ie=UTF8&reviewerType=all_reviews&pageNumber=2 line 3231 > injectedScript, line 1: WEBGL_debug_renderer_info is deprecated in Firefox and will be removed. Please use RENDERER.
JavaScript warning: https://www.amazon.com/product-reviews/B08GF7YGCD/?ie=UTF8&reviewerType=all_reviews&pageNumber=1 line 3137 > injectedScript, line 1: WEBGL_debug_renderer_info is deprecated in Firefox and will be removed. Please use RENDERER.
JavaScript warning: https://www.amazon.com/product-reviews/B08GF7YGCD/?ie=UTF8&reviewerType=all_reviews&pageNumber=2 line 3227 > injectedScript, line 1: WEBGL_debug_renderer_info is deprecated in Firefox and will be removed. Please use RENDERER.
JavaScript warning: https://www.amazon.com/product-reviews/B08C1W5N87/?ie=UTF8&reviewerType=all_reviews&pageNumber=1 line 3039 > injectedScript, line 1: WEBGL_debug_renderer_info is deprecated in Firefox and will be removed. Please use RENDERER.
JavaScript warning: https://www.amazon.com/product-reviews/B08C1W5N87/?ie=UTF8&reviewerType=all_reviews&pageNumber=2 line 3135 > injectedScript, line 1: WEBGL_debug_renderer_info is deprecated in Firefox and will be removed. Please use RENDERER.
JavaScript warning: https://www.amazon.com/product-reviews/B0BQZ9K23L/?ie=UTF8&reviewerType=all_reviews&pageNumber=1 line 3334 > injectedScript, line 1: WEBGL_debug_renderer_info is deprecated in Firefox and will be removed. Please use RENDERER.
JavaScript warning: https://www.amazon.com/product-reviews/B0BQZ9K23L/?ie=UTF8&reviewerType=all_reviews&pageNumber=2 line 3560 > injectedScript, line 1: WEBGL_debug_renderer_info is deprecated in Firefox and will be removed. Please use RENDERER.
JavaScript warning: https://www.amazon.com/product-reviews/B0BHBP1X1B/?ie=UTF8&reviewerType=all_reviews&pageNumber=1 line 3515 > injectedScript, line 1: WEBGL_debug_renderer_info is deprecated in Firefox and will be removed. Please use RENDERER.
JavaScript warning: https://www.amazon.com/product-reviews/B0BHBP1X1B/?ie=UTF8&reviewerType=all_reviews&pageNumber=2 line 3518 > injectedScript, line 1: WEBGL_debug_renderer_info is deprecated in Firefox and will be removed. Please use RENDERER.
JavaScript warning: https://www.amazon.com/product-reviews/B0113UZJE2/?ie=UTF8&reviewerType=all_reviews&pageNumber=1 line 3171 > injectedScript, line 1: WEBGL_debug_renderer_info is deprecated in Firefox and will be removed. Please use RENDERER.
JavaScript warning: https://www.amazon.com/product-reviews/B0113UZJE2/?ie=UTF8&reviewerType=all_reviews&pageNumber=2 line 2980 > injectedScript, line 1: WEBGL_debug_renderer_info is deprecated in Firefox and will be removed. Please use RENDERER.
JavaScript warning: https://www.amazon.com/product-reviews/B0014C2NBC/?ie=UTF8&reviewerType=all_reviews&pageNumber=1 line 3340 > injectedScript, line 1: WEBGL_debug_renderer_info is deprecated in Firefox and will be removed. Please use RENDERER.
JavaScript warning: https://www.amazon.com/product-reviews/B0014C2NBC/?ie=UTF8&reviewerType=all_reviews&pageNumber=2 line 3235 > injectedScript, line 1: WEBGL_debug_renderer_info is deprecated in Firefox and will be removed. Please use RENDERER.
JavaScript warning: https://www.amazon.com/product-reviews/B0BHBP1X1B/?ie=UTF8&reviewerType=all_reviews&pageNumber=1 line 3515 > injectedScript, line 1: WEBGL_debug_renderer_info is deprecated in Firefox and will be removed. Please use RENDERER.
JavaScript warning: https://www.amazon.com/product-reviews/B0BHBP1X1B/?ie=UTF8&reviewerType=all_reviews&pageNumber=2 line 3518 > injectedScript, line 1: WEBGL_debug_renderer_info is deprecated in Firefox and will be removed. Please use RENDERER.
JavaScript warning: https://www.amazon.com/product-reviews/B00UXG4WR8/?ie=UTF8&reviewerType=all_reviews&pageNumber=1 line 3138 > injectedScript, line 1: WEBGL_debug_renderer_info is deprecated in Firefox and will be removed. Please use RENDERER.
JavaScript warning: https://www.amazon.com/product-reviews/B00UXG4WR8/?ie=UTF8&reviewerType=all_reviews&pageNumber=2 line 3145 > injectedScript, line 1: WEBGL_debug_renderer_info is deprecated in Firefox and will be removed. Please use RENDERER.
JavaScript warning: https://www.amazon.com/product-reviews/B00004SU18/?ie=UTF8&reviewerType=all_reviews&pageNumber=1 line 3230 > injectedScript, line 1: WEBGL_debug_renderer_info is deprecated in Firefox and will be removed. Please use RENDERER.
[GFX1-]: Unrecognized feature ACCELERATED_CANVAS2D
JavaScript warning: https://www.amazon.com/product-reviews/B00004SU18/?ie=UTF8&reviewerType=all_reviews&pageNumber=2 line 3136 > injectedScript, line 1: WEBGL_debug_renderer_info is deprecated in Firefox and will be removed. Please use RENDERER.
JavaScript warning: https://www.amazon.com/product-reviews/B0BQZ9K23L/?ie=UTF8&reviewerType=all_reviews&pageNumber=1 line 3334 > injectedScript, line 1: WEBGL_debug_renderer_info is deprecated in Firefox and will be removed. Please use RENDERER.
JavaScript warning: https://www.amazon.com/product-reviews/B0BQZ9K23L/?ie=UTF8&reviewerType=all_reviews&pageNumber=2 line 3560 > injectedScript, line 1: WEBGL_debug_renderer_info is deprecated in Firefox and will be removed. Please use RENDERER.
JavaScript warning: https://www.amazon.com/product-reviews/B00JTUBTQG/?ie=UTF8&reviewerType=all_reviews&pageNumber=1 line 3142 > injectedScript, line 1: WEBGL_debug_renderer_info is deprecated in Firefox and will be removed. Please use RENDERER.
JavaScript warning: https://www.amazon.com/product-reviews/B00JTUBTQG/?ie=UTF8&reviewerType=all_reviews&pageNumber=2 line 3038 > injectedScript, line 1: WEBGL_debug_renderer_info is deprecated in Firefox and will be removed. Please use RENDERER.
JavaScript warning: https://www.amazon.com/product-reviews/B016APVERG/?ie=UTF8&reviewerType=all_reviews&pageNumber=1 line 3129 > injectedScript, line 1: WEBGL_debug_renderer_info is deprecated in Firefox and will be removed. Please use RENDERER.
Exiting due to channel error.
Exiting due to channel error.
Exiting due to channel error.
1683209898434	geckodriver	INFO	Listening on 127.0.0.1:48881
1683209898438	mozrunner::runner	INFO	Running command: "/usr/bin/firefox" "--marionette" "--headless" "--remote-debugging-port" "50425" "--remote-allow-hosts" "localhost" "-no-remote" "-profile" "/tmp/rust_mozprofile5bUrKC"
*** You are running in headless mode.
1683209898704	Marionette	INFO	Marionette enabled
1683209898707	Marionette	INFO	Listening on port 35781
WebDriver BiDi listening on ws://localhost:50425
Read port: 35781
1683209898809	RemoteAgent	WARN	TLS certificate errors will be ignored for this session
[GFX1-]: RenderCompositorSWGL failed mapping default framebuffer, no dt
console.warn: SearchSettings: "get: No settings file exists, new profile?" (new NotFoundError("Could not open the file at /tmp/rust_mozprofile5bUrKC/search.json.mozlz4", (void 0)))
Missing chrome or resource URL: resource://gre/modules/UpdateListener.jsm
Missing chrome or resource URL: resource://gre/modules/UpdateListener.sys.mjs
DevTools listening on ws://localhost:50425/devtools/browser/bbc1693e-24af-41cf-be3a-9230d4e92aac
1683209908670	geckodriver	INFO	Listening on 127.0.0.1:39111
1683209908674	mozrunner::runner	INFO	Running command: "/usr/bin/firefox" "--marionette" "--headless" "--remote-debugging-port" "48869" "--remote-allow-hosts" "localhost" "-no-remote" "-profile" "/tmp/rust_mozprofile5U2zZs"
*** You are running in headless mode.
1683209908939	Marionette	INFO	Marionette enabled
1683209908943	Marionette	INFO	Listening on port 46567
WebDriver BiDi listening on ws://localhost:48869
Read port: 46567
1683209909039	RemoteAgent	WARN	TLS certificate errors will be ignored for this session
[GFX1-]: RenderCompositorSWGL failed mapping default framebuffer, no dt
console.warn: SearchSettings: "get: No settings file exists, new profile?" (new NotFoundError("Could not open the file at /tmp/rust_mozprofile5U2zZs/search.json.mozlz4", (void 0)))
Missing chrome or resource URL: resource://gre/modules/UpdateListener.jsm
Missing chrome or resource URL: resource://gre/modules/UpdateListener.sys.mjs
DevTools listening on ws://localhost:48869/devtools/browser/b8867306-06a6-4797-93c9-337012653a36
[GFX1-]: Unrecognized feature ACCELERATED_CANVAS2D
1683209941445	geckodriver	INFO	Listening on 127.0.0.1:46719
1683209941449	mozrunner::runner	INFO	Running command: "/usr/bin/firefox" "--marionette" "--headless" "--remote-debugging-port" "54699" "--remote-allow-hosts" "localhost" "-no-remote" "-profile" "/tmp/rust_mozprofilewYcfpS"
*** You are running in headless mode.
1683209941720	Marionette	INFO	Marionette enabled
1683209941724	Marionette	INFO	Listening on port 43645
WebDriver BiDi listening on ws://localhost:54699
Read port: 43645
1683209941821	RemoteAgent	WARN	TLS certificate errors will be ignored for this session
[GFX1-]: RenderCompositorSWGL failed mapping default framebuffer, no dt
console.warn: SearchSettings: "get: No settings file exists, new profile?" (new NotFoundError("Could not open the file at /tmp/rust_mozprofilewYcfpS/search.json.mozlz4", (void 0)))
Missing chrome or resource URL: resource://gre/modules/UpdateListener.jsm
Missing chrome or resource URL: resource://gre/modules/UpdateListener.sys.mjs
DevTools listening on ws://localhost:54699/devtools/browser/fcde095a-792d-455d-95da-173891796a41
1683209954107	geckodriver	INFO	Listening on 127.0.0.1:40103
1683209954111	mozrunner::runner	INFO	Running command: "/usr/bin/firefox" "--marionette" "--remote-debugging-port" "48459" "--remote-allow-hosts" "localhost" "-no-remote" "-profile" "/tmp/rust_mozprofilevnT0vO"
1683209954602	Marionette	INFO	Marionette enabled
1683209954606	Marionette	INFO	Listening on port 33245
Read port: 33245
WebDriver BiDi listening on ws://localhost:48459
1683209954717	RemoteAgent	WARN	TLS certificate errors will be ignored for this session
console.warn: SearchSettings: "get: No settings file exists, new profile?" (new NotFoundError("Could not open the file at /tmp/rust_mozprofilevnT0vO/search.json.mozlz4", (void 0)))
Missing chrome or resource URL: resource://gre/modules/UpdateListener.jsm
Missing chrome or resource URL: resource://gre/modules/UpdateListener.sys.mjs
DevTools listening on ws://localhost:48459/devtools/browser/a4d8fd60-6469-4b81-80fc-2e59ab4c82d7
ATTENTION: default value of option mesa_glthread overridden by environment.
JavaScript warning: https://www.amazon.com/gp/bestsellers/ line 2484 > injectedScript, line 1: WEBGL_debug_renderer_info is deprecated in Firefox and will be removed. Please use RENDERER.
JavaScript error: https://m.media-amazon.com/images/I/51EIwpasq4L.js?AUIClients/CardJsRuntimeBuzzCopyBuild, line 32: TypeError: b.cardModuleFactory is not a function
JavaScript error: https://m.media-amazon.com/images/I/51EIwpasq4L.js?AUIClients/CardJsRuntimeBuzzCopyBuild, line 32: TypeError: b.cardModuleFactory is not a function
JavaScript error: https://m.media-amazon.com/images/I/51EIwpasq4L.js?AUIClients/CardJsRuntimeBuzzCopyBuild, line 32: TypeError: b.cardModuleFactory is not a function
JavaScript error: https://m.media-amazon.com/images/I/51EIwpasq4L.js?AUIClients/CardJsRuntimeBuzzCopyBuild, line 32: TypeError: b.cardModuleFactory is not a function
JavaScript warning: https://www.amazon.com/product-reviews/B0BQZ9K23L/?ie=UTF8&reviewerType=all_reviews&pageNumber=1 line 3334 > injectedScript, line 1: WEBGL_debug_renderer_info is deprecated in Firefox and will be removed. Please use RENDERER.
JavaScript warning: https://www.amazon.com/product-reviews/B0BQZ9K23L/?ie=UTF8&reviewerType=all_reviews&pageNumber=2 line 3560 > injectedScript, line 1: WEBGL_debug_renderer_info is deprecated in Firefox and will be removed. Please use RENDERER.
ATTENTION: default value of option mesa_glthread overridden by environment.
JavaScript warning: https://www.amazon.com/product-reviews/B0014C2NBC/?ie=UTF8&reviewerType=all_reviews&pageNumber=1 line 3339 > injectedScript, line 1: WEBGL_debug_renderer_info is deprecated in Firefox and will be removed. Please use RENDERER.
JavaScript warning: https://www.amazon.com/product-reviews/B0014C2NBC/?ie=UTF8&reviewerType=all_reviews&pageNumber=2 line 3235 > injectedScript, line 1: WEBGL_debug_renderer_info is deprecated in Firefox and will be removed. Please use RENDERER.
JavaScript warning: https://www.amazon.com/product-reviews/B0BQZ9K23L/?ie=UTF8&reviewerType=all_reviews&pageNumber=1 line 3334 > injectedScript, line 1: WEBGL_debug_renderer_info is deprecated in Firefox and will be removed. Please use RENDERER.
JavaScript warning: https://www.amazon.com/product-reviews/B0BQZ9K23L/?ie=UTF8&reviewerType=all_reviews&pageNumber=2 line 3560 > injectedScript, line 1: WEBGL_debug_renderer_info is deprecated in Firefox and will be removed. Please use RENDERER.
JavaScript warning: https://www.amazon.com/product-reviews/B074PVTPBW/?ie=UTF8&reviewerType=all_reviews&pageNumber=1 line 3129 > injectedScript, line 1: WEBGL_debug_renderer_info is deprecated in Firefox and will be removed. Please use RENDERER.
JavaScript warning: https://www.amazon.com/product-reviews/B074PVTPBW/?ie=UTF8&reviewerType=all_reviews&pageNumber=2 line 3130 > injectedScript, line 1: WEBGL_debug_renderer_info is deprecated in Firefox and will be removed. Please use RENDERER.
JavaScript warning: https://www.amazon.com/product-reviews/B0BQZ9K23L/?ie=UTF8&reviewerType=all_reviews&pageNumber=1 line 3334 > injectedScript, line 1: WEBGL_debug_renderer_info is deprecated in Firefox and will be removed. Please use RENDERER.
ATTENTION: default value of option mesa_glthread overridden by environment.
JavaScript warning: https://www.amazon.com/product-reviews/B0BQZ9K23L/?ie=UTF8&reviewerType=all_reviews&pageNumber=2 line 3560 > injectedScript, line 1: WEBGL_debug_renderer_info is deprecated in Firefox and will be removed. Please use RENDERER.
JavaScript warning: https://www.amazon.com/product-reviews/B0014C2NBC/?ie=UTF8&reviewerType=all_reviews&pageNumber=1 line 3339 > injectedScript, line 1: WEBGL_debug_renderer_info is deprecated in Firefox and will be removed. Please use RENDERER.
ATTENTION: default value of option mesa_glthread overridden by environment.
JavaScript warning: https://www.amazon.com/product-reviews/B0014C2NBC/?ie=UTF8&reviewerType=all_reviews&pageNumber=2 line 3235 > injectedScript, line 1: WEBGL_debug_renderer_info is deprecated in Firefox and will be removed. Please use RENDERER.
ATTENTION: default value of option mesa_glthread overridden by environment.
JavaScript warning: https://www.amazon.com/product-reviews/B016NA9Y4S/?ie=UTF8&reviewerType=all_reviews&pageNumber=1 line 3144 > injectedScript, line 1: WEBGL_debug_renderer_info is deprecated in Firefox and will be removed. Please use RENDERER.
ATTENTION: default value of option mesa_glthread overridden by environment.
JavaScript warning: https://www.amazon.com/product-reviews/B016NA9Y4S/?ie=UTF8&reviewerType=all_reviews&pageNumber=2 line 3132 > injectedScript, line 1: WEBGL_debug_renderer_info is deprecated in Firefox and will be removed. Please use RENDERER.
ATTENTION: default value of option mesa_glthread overridden by environment.
JavaScript warning: https://www.amazon.com/product-reviews/B0014C2NBC/?ie=UTF8&reviewerType=all_reviews&pageNumber=1 line 3339 > injectedScript, line 1: WEBGL_debug_renderer_info is deprecated in Firefox and will be removed. Please use RENDERER.
ATTENTION: default value of option mesa_glthread overridden by environment.
JavaScript warning: https://www.amazon.com/product-reviews/B0014C2NBC/?ie=UTF8&reviewerType=all_reviews&pageNumber=2 line 3235 > injectedScript, line 1: WEBGL_debug_renderer_info is deprecated in Firefox and will be removed. Please use RENDERER.
ATTENTION: default value of option mesa_glthread overridden by environment.
JavaScript warning: https://www.amazon.com/product-reviews/B08BX8CW9V/?ie=UTF8&reviewerType=all_reviews&pageNumber=1 line 3134 > injectedScript, line 1: WEBGL_debug_renderer_info is deprecated in Firefox and will be removed. Please use RENDERER.
ATTENTION: default value of option mesa_glthread overridden by environment.
JavaScript warning: https://www.amazon.com/product-reviews/B08BX8CW9V/?ie=UTF8&reviewerType=all_reviews&pageNumber=2 line 3148 > injectedScript, line 1: WEBGL_debug_renderer_info is deprecated in Firefox and will be removed. Please use RENDERER.
ATTENTION: default value of option mesa_glthread overridden by environment.
JavaScript warning: https://www.amazon.com/product-reviews/B00UXG4WR8/?ie=UTF8&reviewerType=all_reviews&pageNumber=1 line 3137 > injectedScript, line 1: WEBGL_debug_renderer_info is deprecated in Firefox and will be removed. Please use RENDERER.
ATTENTION: default value of option mesa_glthread overridden by environment.
JavaScript warning: https://www.amazon.com/product-reviews/B00UXG4WR8/?ie=UTF8&reviewerType=all_reviews&pageNumber=2 line 3145 > injectedScript, line 1: WEBGL_debug_renderer_info is deprecated in Firefox and will be removed. Please use RENDERER.
ATTENTION: default value of option mesa_glthread overridden by environment.
JavaScript warning: https://www.amazon.com/product-reviews/B0BQZ9K23L/?ie=UTF8&reviewerType=all_reviews&pageNumber=1 line 3334 > injectedScript, line 1: WEBGL_debug_renderer_info is deprecated in Firefox and will be removed. Please use RENDERER.
ATTENTION: default value of option mesa_glthread overridden by environment.
JavaScript warning: https://www.amazon.com/product-reviews/B0BQZ9K23L/?ie=UTF8&reviewerType=all_reviews&pageNumber=2 line 3560 > injectedScript, line 1: WEBGL_debug_renderer_info is deprecated in Firefox and will be removed. Please use RENDERER.
JavaScript warning: https://www.amazon.com/product-reviews/B00UXG4WR8/?ie=UTF8&reviewerType=all_reviews&pageNumber=1 line 3137 > injectedScript, line 1: WEBGL_debug_renderer_info is deprecated in Firefox and will be removed. Please use RENDERER.
ATTENTION: default value of option mesa_glthread overridden by environment.
JavaScript warning: https://www.amazon.com/product-reviews/B00UXG4WR8/?ie=UTF8&reviewerType=all_reviews&pageNumber=2 line 3145 > injectedScript, line 1: WEBGL_debug_renderer_info is deprecated in Firefox and will be removed. Please use RENDERER.
ATTENTION: default value of option mesa_glthread overridden by environment.
JavaScript warning: https://www.amazon.com/product-reviews/B0014C2NBC/?ie=UTF8&reviewerType=all_reviews&pageNumber=1 line 3339 > injectedScript, line 1: WEBGL_debug_renderer_info is deprecated in Firefox and will be removed. Please use RENDERER.
ATTENTION: default value of option mesa_glthread overridden by environment.
JavaScript warning: https://www.amazon.com/product-reviews/B0014C2NBC/?ie=UTF8&reviewerType=all_reviews&pageNumber=2 line 3235 > injectedScript, line 1: WEBGL_debug_renderer_info is deprecated in Firefox and will be removed. Please use RENDERER.
ATTENTION: default value of option mesa_glthread overridden by environment.
JavaScript warning: https://www.amazon.com/product-reviews/B0014C2NBC/?ie=UTF8&reviewerType=all_reviews&pageNumber=1 line 3339 > injectedScript, line 1: WEBGL_debug_renderer_info is deprecated in Firefox and will be removed. Please use RENDERER.
ATTENTION: default value of option mesa_glthread overridden by environment.
JavaScript warning: https://www.amazon.com/product-reviews/B0014C2NBC/?ie=UTF8&reviewerType=all_reviews&pageNumber=2 line 3235 > injectedScript, line 1: WEBGL_debug_renderer_info is deprecated in Firefox and will be removed. Please use RENDERER.
ATTENTION: default value of option mesa_glthread overridden by environment.
JavaScript warning: https://www.amazon.com/product-reviews/B074PVTPBW/?ie=UTF8&reviewerType=all_reviews&pageNumber=1 line 3129 > injectedScript, line 1: WEBGL_debug_renderer_info is deprecated in Firefox and will be removed. Please use RENDERER.
ATTENTION: default value of option mesa_glthread overridden by environment.
JavaScript warning: https://www.amazon.com/product-reviews/B074PVTPBW/?ie=UTF8&reviewerType=all_reviews&pageNumber=2 line 3130 > injectedScript, line 1: WEBGL_debug_renderer_info is deprecated in Firefox and will be removed. Please use RENDERER.
ATTENTION: default value of option mesa_glthread overridden by environment.
JavaScript warning: https://www.amazon.com/product-reviews/B074PVTPBW/?ie=UTF8&reviewerType=all_reviews&pageNumber=1 line 3129 > injectedScript, line 1: WEBGL_debug_renderer_info is deprecated in Firefox and will be removed. Please use RENDERER.
ATTENTION: default value of option mesa_glthread overridden by environment.
JavaScript warning: https://www.amazon.com/product-reviews/B074PVTPBW/?ie=UTF8&reviewerType=all_reviews&pageNumber=2 line 3130 > injectedScript, line 1: WEBGL_debug_renderer_info is deprecated in Firefox and will be removed. Please use RENDERER.
ATTENTION: default value of option mesa_glthread overridden by environment.
JavaScript warning: https://www.amazon.com/product-reviews/B00UXG4WR8/?ie=UTF8&reviewerType=all_reviews&pageNumber=1 line 3137 > injectedScript, line 1: WEBGL_debug_renderer_info is deprecated in Firefox and will be removed. Please use RENDERER.
JavaScript warning: https://www.amazon.com/product-reviews/B00UXG4WR8/?ie=UTF8&reviewerType=all_reviews&pageNumber=2 line 3145 > injectedScript, line 1: WEBGL_debug_renderer_info is deprecated in Firefox and will be removed. Please use RENDERER.
ATTENTION: default value of option mesa_glthread overridden by environment.
JavaScript warning: https://www.amazon.com/product-reviews/B08BX8CW9V/?ie=UTF8&reviewerType=all_reviews&pageNumber=1 line 3134 > injectedScript, line 1: WEBGL_debug_renderer_info is deprecated in Firefox and will be removed. Please use RENDERER.
ATTENTION: default value of option mesa_glthread overridden by environment.
JavaScript warning: https://www.amazon.com/product-reviews/B08BX8CW9V/?ie=UTF8&reviewerType=all_reviews&pageNumber=2 line 3148 > injectedScript, line 1: WEBGL_debug_renderer_info is deprecated in Firefox and will be removed. Please use RENDERER.
ATTENTION: default value of option mesa_glthread overridden by environment.
JavaScript warning: https://www.amazon.com/product-reviews/B016NA9Y4S/?ie=UTF8&reviewerType=all_reviews&pageNumber=1 line 3144 > injectedScript, line 1: WEBGL_debug_renderer_info is deprecated in Firefox and will be removed. Please use RENDERER.
ATTENTION: default value of option mesa_glthread overridden by environment.
JavaScript warning: https://www.amazon.com/product-reviews/B016NA9Y4S/?ie=UTF8&reviewerType=all_reviews&pageNumber=2 line 3132 > injectedScript, line 1: WEBGL_debug_renderer_info is deprecated in Firefox and will be removed. Please use RENDERER.
[GFX1-]: Unrecognized feature ACCELERATED_CANVAS2D
[GFX1-]: Unrecognized feature ACCELERATED_CANVAS2D
[GFX1-]: Unrecognized feature ACCELERATED_CANVAS2D
[GFX1-]: Unrecognized feature ACCELERATED_CANVAS2D
[GFX1-]: Unrecognized feature ACCELERATED_CANVAS2D
