1677186162166	geckodriver	INFO	Listening on 127.0.0.1:56455
1677186436380	geckodriver	INFO	Listening on 127.0.0.1:57689
1677186501672	geckodriver	INFO	Listening on 127.0.0.1:44447
1677186599697	geckodriver	INFO	Listening on 127.0.0.1:50363
1677186609355	geckodriver	INFO	Listening on 127.0.0.1:56961
1677186844806	geckodriver	INFO	Listening on 127.0.0.1:35301
1677186844864	mozrunner::runner	INFO	Running command: "/usr/bin/firefox" "--marionette" "--remote-debugging-port" "32807" "--remote-allow-hosts" "localhost" "-no-remote" "-profile" "/tmp/rust_mozprofilezRx5T6"
Error: no DISPLAY environment variable specified
1677186847302	geckodriver	INFO	Listening on 127.0.0.1:33215
1677186847356	mozrunner::runner	INFO	Running command: "/usr/bin/firefox" "--marionette" "--remote-debugging-port" "57157" "--remote-allow-hosts" "localhost" "-no-remote" "-profile" "/tmp/rust_mozprofileGZaSON"
Error: no DISPLAY environment variable specified
1677186872827	geckodriver	INFO	Listening on 127.0.0.1:40145
1677186872876	mozrunner::runner	INFO	Running command: "/usr/bin/firefox" "--marionette" "--remote-debugging-port" "56883" "--remote-allow-hosts" "localhost" "-no-remote" "-profile" "/tmp/rust_mozprofile7zgOBl"
Error: no DISPLAY environment variable specified
1677186972324	geckodriver	INFO	Listening on 127.0.0.1:44957
1677186972395	mozrunner::runner	INFO	Running command: "/usr/bin/firefox" "--marionette" "--headless" "--remote-debugging-port" "41947" "--remote-allow-hosts" "localhost" "-no-remote" "-profile" "/tmp/rust_mozprofilekpqObl"
*** You are running in headless mode.
[GFX1-]: glxtest: libpci missing
[GFX1-]: glxtest: Unable to open a connection to the X server
[GFX1-]: glxtest: libEGL missing
[GFX1-]: No GPUs detected via PCI
1677186972741	Marionette	INFO	Marionette enabled
1677186972747	Marionette	INFO	Listening on port 34049
WebDriver BiDi listening on ws://localhost:41947
Read port: 34049
1677186972884	RemoteAgent	WARN	TLS certificate errors will be ignored for this session
[GFX1-]: RenderCompositorSWGL failed mapping default framebuffer, no dt
console.warn: SearchSettings: "get: No settings file exists, new profile?" (new NotFoundError("Could not open the file at /tmp/rust_mozprofilekpqObl/search.json.mozlz4", (void 0)))
Missing chrome or resource URL: resource://gre/modules/UpdateListener.jsm
Missing chrome or resource URL: resource://gre/modules/UpdateListener.sys.mjs
DevTools listening on ws://localhost:41947/devtools/browser/de571ac2-873c-416c-ab4f-adfe94623dfa
JavaScript warning: https://www.amazon.com/Innate-vitality-Magnesium-Glycinate-500mg/product-reviews/B07K5WDLBG/?ie=UTF8&reviewerType=all_reviews&pageNumber=0 line 7 > injectedScript, line 1: WebGL warning: <Create>: WebglAllowWindowsNativeGl:false restricts context creation on this system.
JavaScript warning: https://www.amazon.com/Innate-vitality-Magnesium-Glycinate-500mg/product-reviews/B07K5WDLBG/?ie=UTF8&reviewerType=all_reviews&pageNumber=0 line 7 > injectedScript, line 1: Failed to create WebGL context: WebGL creation failed: 
* WebglAllowWindowsNativeGl:false restricts context creation on this system. ()
* Exhausted GL driver options. (FEATURE_FAILURE_WEBGL_EXHAUSTED_DRIVERS)
JavaScript warning: https://www.amazon.com/Innate-vitality-Magnesium-Glycinate-500mg/product-reviews/B07K5WDLBG/?ie=UTF8&reviewerType=all_reviews&pageNumber=0 line 7 > injectedScript, line 1: WebGL warning: <Create>: WebglAllowWindowsNativeGl:false restricts context creation on this system.
JavaScript warning: https://www.amazon.com/Innate-vitality-Magnesium-Glycinate-500mg/product-reviews/B07K5WDLBG/?ie=UTF8&reviewerType=all_reviews&pageNumber=0 line 7 > injectedScript, line 1: Failed to create WebGL context: WebGL creation failed: 
* WebglAllowWindowsNativeGl:false restricts context creation on this system. ()
* Exhausted GL driver options. (FEATURE_FAILURE_WEBGL_EXHAUSTED_DRIVERS)
JavaScript warning: https://www.amazon.com/Innate-vitality-Magnesium-Glycinate-500mg/product-reviews/B07K5WDLBG/?ie=UTF8&reviewerType=all_reviews&pageNumber=1 line 7 > injectedScript, line 1: WebGL warning: <Create>: WebglAllowWindowsNativeGl:false restricts context creation on this system.
JavaScript warning: https://www.amazon.com/Innate-vitality-Magnesium-Glycinate-500mg/product-reviews/B07K5WDLBG/?ie=UTF8&reviewerType=all_reviews&pageNumber=1 line 7 > injectedScript, line 1: Failed to create WebGL context: WebGL creation failed: 
* WebglAllowWindowsNativeGl:false restricts context creation on this system. ()
* Exhausted GL driver options. (FEATURE_FAILURE_WEBGL_EXHAUSTED_DRIVERS)
JavaScript warning: https://www.amazon.com/Innate-vitality-Magnesium-Glycinate-500mg/product-reviews/B07K5WDLBG/?ie=UTF8&reviewerType=all_reviews&pageNumber=1 line 7 > injectedScript, line 1: WebGL warning: <Create>: WebglAllowWindowsNativeGl:false restricts context creation on this system.
JavaScript warning: https://www.amazon.com/Innate-vitality-Magnesium-Glycinate-500mg/product-reviews/B07K5WDLBG/?ie=UTF8&reviewerType=all_reviews&pageNumber=1 line 7 > injectedScript, line 1: Failed to create WebGL context: WebGL creation failed: 
* WebglAllowWindowsNativeGl:false restricts context creation on this system. ()
* Exhausted GL driver options. (FEATURE_FAILURE_WEBGL_EXHAUSTED_DRIVERS)
JavaScript warning: https://www.amazon.com/Innate-vitality-Magnesium-Glycinate-500mg/product-reviews/B07K5WDLBG/?ie=UTF8&reviewerType=all_reviews&pageNumber=2 line 7 > injectedScript, line 1: WebGL warning: <Create>: WebglAllowWindowsNativeGl:false restricts context creation on this system.
JavaScript warning: https://www.amazon.com/Innate-vitality-Magnesium-Glycinate-500mg/product-reviews/B07K5WDLBG/?ie=UTF8&reviewerType=all_reviews&pageNumber=2 line 7 > injectedScript, line 1: Failed to create WebGL context: WebGL creation failed: 
* WebglAllowWindowsNativeGl:false restricts context creation on this system. ()
* Exhausted GL driver options. (FEATURE_FAILURE_WEBGL_EXHAUSTED_DRIVERS)
JavaScript warning: https://www.amazon.com/Innate-vitality-Magnesium-Glycinate-500mg/product-reviews/B07K5WDLBG/?ie=UTF8&reviewerType=all_reviews&pageNumber=2 line 7 > injectedScript, line 1: WebGL warning: <Create>: WebglAllowWindowsNativeGl:false restricts context creation on this system.
JavaScript warning: https://www.amazon.com/Innate-vitality-Magnesium-Glycinate-500mg/product-reviews/B07K5WDLBG/?ie=UTF8&reviewerType=all_reviews&pageNumber=2 line 7 > injectedScript, line 1: Failed to create WebGL context: WebGL creation failed: 
* WebglAllowWindowsNativeGl:false restricts context creation on this system. ()
* Exhausted GL driver options. (FEATURE_FAILURE_WEBGL_EXHAUSTED_DRIVERS)
JavaScript warning: https://www.amazon.com/Innate-vitality-Magnesium-Glycinate-500mg/product-reviews/B07K5WDLBG/?ie=UTF8&reviewerType=all_reviews&pageNumber=3 line 7 > injectedScript, line 1: WebGL warning: <Create>: WebglAllowWindowsNativeGl:false restricts context creation on this system.
JavaScript warning: https://www.amazon.com/Innate-vitality-Magnesium-Glycinate-500mg/product-reviews/B07K5WDLBG/?ie=UTF8&reviewerType=all_reviews&pageNumber=3 line 7 > injectedScript, line 1: Failed to create WebGL context: WebGL creation failed: 
* WebglAllowWindowsNativeGl:false restricts context creation on this system. ()
* Exhausted GL driver options. (FEATURE_FAILURE_WEBGL_EXHAUSTED_DRIVERS)
JavaScript warning: https://www.amazon.com/Innate-vitality-Magnesium-Glycinate-500mg/product-reviews/B07K5WDLBG/?ie=UTF8&reviewerType=all_reviews&pageNumber=3 line 7 > injectedScript, line 1: WebGL warning: <Create>: WebglAllowWindowsNativeGl:false restricts context creation on this system.
JavaScript warning: https://www.amazon.com/Innate-vitality-Magnesium-Glycinate-500mg/product-reviews/B07K5WDLBG/?ie=UTF8&reviewerType=all_reviews&pageNumber=3 line 7 > injectedScript, line 1: Failed to create WebGL context: WebGL creation failed: 
* WebglAllowWindowsNativeGl:false restricts context creation on this system. ()
* Exhausted GL driver options. (FEATURE_FAILURE_WEBGL_EXHAUSTED_DRIVERS)
JavaScript warning: https://www.amazon.com/Innate-vitality-Magnesium-Glycinate-500mg/product-reviews/B07K5WDLBG/?ie=UTF8&reviewerType=all_reviews&pageNumber=4 line 7 > injectedScript, line 1: WebGL warning: <Create>: WebglAllowWindowsNativeGl:false restricts context creation on this system.
JavaScript warning: https://www.amazon.com/Innate-vitality-Magnesium-Glycinate-500mg/product-reviews/B07K5WDLBG/?ie=UTF8&reviewerType=all_reviews&pageNumber=4 line 7 > injectedScript, line 1: Failed to create WebGL context: WebGL creation failed: 
* WebglAllowWindowsNativeGl:false restricts context creation on this system. ()
* Exhausted GL driver options. (FEATURE_FAILURE_WEBGL_EXHAUSTED_DRIVERS)
JavaScript warning: https://www.amazon.com/Innate-vitality-Magnesium-Glycinate-500mg/product-reviews/B07K5WDLBG/?ie=UTF8&reviewerType=all_reviews&pageNumber=4 line 7 > injectedScript, line 1: WebGL warning: <Create>: WebglAllowWindowsNativeGl:false restricts context creation on this system.
JavaScript warning: https://www.amazon.com/Innate-vitality-Magnesium-Glycinate-500mg/product-reviews/B07K5WDLBG/?ie=UTF8&reviewerType=all_reviews&pageNumber=4 line 7 > injectedScript, line 1: Failed to create WebGL context: WebGL creation failed: 
* WebglAllowWindowsNativeGl:false restricts context creation on this system. ()
* Exhausted GL driver options. (FEATURE_FAILURE_WEBGL_EXHAUSTED_DRIVERS)
JavaScript warning: https://www.amazon.com/Innate-vitality-Magnesium-Glycinate-500mg/product-reviews/B07K5WDLBG/?ie=UTF8&reviewerType=all_reviews&pageNumber=5 line 7 > injectedScript, line 1: WebGL warning: <Create>: WebglAllowWindowsNativeGl:false restricts context creation on this system.
JavaScript warning: https://www.amazon.com/Innate-vitality-Magnesium-Glycinate-500mg/product-reviews/B07K5WDLBG/?ie=UTF8&reviewerType=all_reviews&pageNumber=5 line 7 > injectedScript, line 1: Failed to create WebGL context: WebGL creation failed: 
* WebglAllowWindowsNativeGl:false restricts context creation on this system. ()
* Exhausted GL driver options. (FEATURE_FAILURE_WEBGL_EXHAUSTED_DRIVERS)
JavaScript warning: https://www.amazon.com/Innate-vitality-Magnesium-Glycinate-500mg/product-reviews/B07K5WDLBG/?ie=UTF8&reviewerType=all_reviews&pageNumber=5 line 7 > injectedScript, line 1: WebGL warning: <Create>: WebglAllowWindowsNativeGl:false restricts context creation on this system.
JavaScript warning: https://www.amazon.com/Innate-vitality-Magnesium-Glycinate-500mg/product-reviews/B07K5WDLBG/?ie=UTF8&reviewerType=all_reviews&pageNumber=5 line 7 > injectedScript, line 1: Failed to create WebGL context: WebGL creation failed: 
* WebglAllowWindowsNativeGl:false restricts context creation on this system. ()
* Exhausted GL driver options. (FEATURE_FAILURE_WEBGL_EXHAUSTED_DRIVERS)
JavaScript warning: https://www.amazon.com/Innate-vitality-Magnesium-Glycinate-500mg/product-reviews/B07K5WDLBG/?ie=UTF8&reviewerType=all_reviews&pageNumber=6 line 7 > injectedScript, line 1: WebGL warning: <Create>: WebglAllowWindowsNativeGl:false restricts context creation on this system.
JavaScript warning: https://www.amazon.com/Innate-vitality-Magnesium-Glycinate-500mg/product-reviews/B07K5WDLBG/?ie=UTF8&reviewerType=all_reviews&pageNumber=6 line 7 > injectedScript, line 1: Failed to create WebGL context: WebGL creation failed: 
* WebglAllowWindowsNativeGl:false restricts context creation on this system. ()
* Exhausted GL driver options. (FEATURE_FAILURE_WEBGL_EXHAUSTED_DRIVERS)
JavaScript warning: https://www.amazon.com/Innate-vitality-Magnesium-Glycinate-500mg/product-reviews/B07K5WDLBG/?ie=UTF8&reviewerType=all_reviews&pageNumber=6 line 7 > injectedScript, line 1: WebGL warning: <Create>: WebglAllowWindowsNativeGl:false restricts context creation on this system.
JavaScript warning: https://www.amazon.com/Innate-vitality-Magnesium-Glycinate-500mg/product-reviews/B07K5WDLBG/?ie=UTF8&reviewerType=all_reviews&pageNumber=6 line 7 > injectedScript, line 1: Failed to create WebGL context: WebGL creation failed: 
* WebglAllowWindowsNativeGl:false restricts context creation on this system. ()
* Exhausted GL driver options. (FEATURE_FAILURE_WEBGL_EXHAUSTED_DRIVERS)
JavaScript warning: https://www.amazon.com/Innate-vitality-Magnesium-Glycinate-500mg/product-reviews/B07K5WDLBG/?ie=UTF8&reviewerType=all_reviews&pageNumber=7 line 7 > injectedScript, line 1: WebGL warning: <Create>: WebglAllowWindowsNativeGl:false restricts context creation on this system.
JavaScript warning: https://www.amazon.com/Innate-vitality-Magnesium-Glycinate-500mg/product-reviews/B07K5WDLBG/?ie=UTF8&reviewerType=all_reviews&pageNumber=7 line 7 > injectedScript, line 1: Failed to create WebGL context: WebGL creation failed: 
* WebglAllowWindowsNativeGl:false restricts context creation on this system. ()
* Exhausted GL driver options. (FEATURE_FAILURE_WEBGL_EXHAUSTED_DRIVERS)
JavaScript warning: https://www.amazon.com/Innate-vitality-Magnesium-Glycinate-500mg/product-reviews/B07K5WDLBG/?ie=UTF8&reviewerType=all_reviews&pageNumber=7 line 7 > injectedScript, line 1: WebGL warning: <Create>: WebglAllowWindowsNativeGl:false restricts context creation on this system.
JavaScript warning: https://www.amazon.com/Innate-vitality-Magnesium-Glycinate-500mg/product-reviews/B07K5WDLBG/?ie=UTF8&reviewerType=all_reviews&pageNumber=7 line 7 > injectedScript, line 1: Failed to create WebGL context: WebGL creation failed: 
* WebglAllowWindowsNativeGl:false restricts context creation on this system. ()
* Exhausted GL driver options. (FEATURE_FAILURE_WEBGL_EXHAUSTED_DRIVERS)
JavaScript warning: https://www.amazon.com/Innate-vitality-Magnesium-Glycinate-500mg/product-reviews/B07K5WDLBG/?ie=UTF8&reviewerType=all_reviews&pageNumber=8 line 7 > injectedScript, line 1: WebGL warning: <Create>: WebglAllowWindowsNativeGl:false restricts context creation on this system.
JavaScript warning: https://www.amazon.com/Innate-vitality-Magnesium-Glycinate-500mg/product-reviews/B07K5WDLBG/?ie=UTF8&reviewerType=all_reviews&pageNumber=8 line 7 > injectedScript, line 1: Failed to create WebGL context: WebGL creation failed: 
* WebglAllowWindowsNativeGl:false restricts context creation on this system. ()
* Exhausted GL driver options. (FEATURE_FAILURE_WEBGL_EXHAUSTED_DRIVERS)
JavaScript warning: https://www.amazon.com/Innate-vitality-Magnesium-Glycinate-500mg/product-reviews/B07K5WDLBG/?ie=UTF8&reviewerType=all_reviews&pageNumber=8 line 7 > injectedScript, line 1: WebGL warning: <Create>: WebglAllowWindowsNativeGl:false restricts context creation on this system.
JavaScript warning: https://www.amazon.com/Innate-vitality-Magnesium-Glycinate-500mg/product-reviews/B07K5WDLBG/?ie=UTF8&reviewerType=all_reviews&pageNumber=8 line 7 > injectedScript, line 1: Failed to create WebGL context: WebGL creation failed: 
* WebglAllowWindowsNativeGl:false restricts context creation on this system. ()
* Exhausted GL driver options. (FEATURE_FAILURE_WEBGL_EXHAUSTED_DRIVERS)
JavaScript warning: https://www.amazon.com/Innate-vitality-Magnesium-Glycinate-500mg/product-reviews/B07K5WDLBG/?ie=UTF8&reviewerType=all_reviews&pageNumber=9 line 7 > injectedScript, line 1: WebGL warning: <Create>: WebglAllowWindowsNativeGl:false restricts context creation on this system.
JavaScript warning: https://www.amazon.com/Innate-vitality-Magnesium-Glycinate-500mg/product-reviews/B07K5WDLBG/?ie=UTF8&reviewerType=all_reviews&pageNumber=9 line 7 > injectedScript, line 1: Failed to create WebGL context: WebGL creation failed: 
* WebglAllowWindowsNativeGl:false restricts context creation on this system. ()
* Exhausted GL driver options. (FEATURE_FAILURE_WEBGL_EXHAUSTED_DRIVERS)
JavaScript warning: https://www.amazon.com/Innate-vitality-Magnesium-Glycinate-500mg/product-reviews/B07K5WDLBG/?ie=UTF8&reviewerType=all_reviews&pageNumber=9 line 7 > injectedScript, line 1: WebGL warning: <Create>: WebglAllowWindowsNativeGl:false restricts context creation on this system.
JavaScript warning: https://www.amazon.com/Innate-vitality-Magnesium-Glycinate-500mg/product-reviews/B07K5WDLBG/?ie=UTF8&reviewerType=all_reviews&pageNumber=9 line 7 > injectedScript, line 1: Failed to create WebGL context: WebGL creation failed: 
* WebglAllowWindowsNativeGl:false restricts context creation on this system. ()
* Exhausted GL driver options. (FEATURE_FAILURE_WEBGL_EXHAUSTED_DRIVERS)
JavaScript warning: https://www.amazon.com/Innate-vitality-Magnesium-Glycinate-500mg/product-reviews/B07K5WDLBG/?ie=UTF8&reviewerType=all_reviews&pageNumber=10 line 7 > injectedScript, line 1: WebGL warning: <Create>: WebglAllowWindowsNativeGl:false restricts context creation on this system.
JavaScript warning: https://www.amazon.com/Innate-vitality-Magnesium-Glycinate-500mg/product-reviews/B07K5WDLBG/?ie=UTF8&reviewerType=all_reviews&pageNumber=10 line 7 > injectedScript, line 1: Failed to create WebGL context: WebGL creation failed: 
* WebglAllowWindowsNativeGl:false restricts context creation on this system. ()
* Exhausted GL driver options. (FEATURE_FAILURE_WEBGL_EXHAUSTED_DRIVERS)
JavaScript warning: https://www.amazon.com/Innate-vitality-Magnesium-Glycinate-500mg/product-reviews/B07K5WDLBG/?ie=UTF8&reviewerType=all_reviews&pageNumber=10 line 7 > injectedScript, line 1: WebGL warning: <Create>: WebglAllowWindowsNativeGl:false restricts context creation on this system.
JavaScript warning: https://www.amazon.com/Innate-vitality-Magnesium-Glycinate-500mg/product-reviews/B07K5WDLBG/?ie=UTF8&reviewerType=all_reviews&pageNumber=10 line 7 > injectedScript, line 1: Failed to create WebGL context: WebGL creation failed: 
* WebglAllowWindowsNativeGl:false restricts context creation on this system. ()
* Exhausted GL driver options. (FEATURE_FAILURE_WEBGL_EXHAUSTED_DRIVERS)
JavaScript warning: https://www.amazon.com/Innate-vitality-Magnesium-Glycinate-500mg/product-reviews/B07K5WDLBG/?ie=UTF8&reviewerType=all_reviews&pageNumber=11 line 7 > injectedScript, line 1: WebGL warning: <Create>: WebglAllowWindowsNativeGl:false restricts context creation on this system.
JavaScript warning: https://www.amazon.com/Innate-vitality-Magnesium-Glycinate-500mg/product-reviews/B07K5WDLBG/?ie=UTF8&reviewerType=all_reviews&pageNumber=11 line 7 > injectedScript, line 1: Failed to create WebGL context: WebGL creation failed: 
* WebglAllowWindowsNativeGl:false restricts context creation on this system. ()
* Exhausted GL driver options. (FEATURE_FAILURE_WEBGL_EXHAUSTED_DRIVERS)
JavaScript warning: https://www.amazon.com/Innate-vitality-Magnesium-Glycinate-500mg/product-reviews/B07K5WDLBG/?ie=UTF8&reviewerType=all_reviews&pageNumber=11 line 7 > injectedScript, line 1: WebGL warning: <Create>: WebglAllowWindowsNativeGl:false restricts context creation on this system.
JavaScript warning: https://www.amazon.com/Innate-vitality-Magnesium-Glycinate-500mg/product-reviews/B07K5WDLBG/?ie=UTF8&reviewerType=all_reviews&pageNumber=11 line 7 > injectedScript, line 1: Failed to create WebGL context: WebGL creation failed: 
* WebglAllowWindowsNativeGl:false restricts context creation on this system. ()
* Exhausted GL driver options. (FEATURE_FAILURE_WEBGL_EXHAUSTED_DRIVERS)
JavaScript warning: https://www.amazon.com/Innate-vitality-Magnesium-Glycinate-500mg/product-reviews/B07K5WDLBG/?ie=UTF8&reviewerType=all_reviews&pageNumber=12 line 7 > injectedScript, line 1: WebGL warning: <Create>: WebglAllowWindowsNativeGl:false restricts context creation on this system.
JavaScript warning: https://www.amazon.com/Innate-vitality-Magnesium-Glycinate-500mg/product-reviews/B07K5WDLBG/?ie=UTF8&reviewerType=all_reviews&pageNumber=12 line 7 > injectedScript, line 1: Failed to create WebGL context: WebGL creation failed: 
* WebglAllowWindowsNativeGl:false restricts context creation on this system. ()
* Exhausted GL driver options. (FEATURE_FAILURE_WEBGL_EXHAUSTED_DRIVERS)
JavaScript warning: https://www.amazon.com/Innate-vitality-Magnesium-Glycinate-500mg/product-reviews/B07K5WDLBG/?ie=UTF8&reviewerType=all_reviews&pageNumber=12 line 7 > injectedScript, line 1: WebGL warning: <Create>: WebglAllowWindowsNativeGl:false restricts context creation on this system.
JavaScript warning: https://www.amazon.com/Innate-vitality-Magnesium-Glycinate-500mg/product-reviews/B07K5WDLBG/?ie=UTF8&reviewerType=all_reviews&pageNumber=12 line 7 > injectedScript, line 1: Failed to create WebGL context: WebGL creation failed: 
* WebglAllowWindowsNativeGl:false restricts context creation on this system. ()
* Exhausted GL driver options. (FEATURE_FAILURE_WEBGL_EXHAUSTED_DRIVERS)
JavaScript warning: https://www.amazon.com/Innate-vitality-Magnesium-Glycinate-500mg/product-reviews/B07K5WDLBG/?ie=UTF8&reviewerType=all_reviews&pageNumber=13 line 7 > injectedScript, line 1: WebGL warning: <Create>: WebglAllowWindowsNativeGl:false restricts context creation on this system.
JavaScript warning: https://www.amazon.com/Innate-vitality-Magnesium-Glycinate-500mg/product-reviews/B07K5WDLBG/?ie=UTF8&reviewerType=all_reviews&pageNumber=13 line 7 > injectedScript, line 1: Failed to create WebGL context: WebGL creation failed: 
* WebglAllowWindowsNativeGl:false restricts context creation on this system. ()
* Exhausted GL driver options. (FEATURE_FAILURE_WEBGL_EXHAUSTED_DRIVERS)
JavaScript warning: https://www.amazon.com/Innate-vitality-Magnesium-Glycinate-500mg/product-reviews/B07K5WDLBG/?ie=UTF8&reviewerType=all_reviews&pageNumber=13 line 7 > injectedScript, line 1: WebGL warning: <Create>: WebglAllowWindowsNativeGl:false restricts context creation on this system.
JavaScript warning: https://www.amazon.com/Innate-vitality-Magnesium-Glycinate-500mg/product-reviews/B07K5WDLBG/?ie=UTF8&reviewerType=all_reviews&pageNumber=13 line 7 > injectedScript, line 1: Failed to create WebGL context: WebGL creation failed: 
* WebglAllowWindowsNativeGl:false restricts context creation on this system. ()
* Exhausted GL driver options. (FEATURE_FAILURE_WEBGL_EXHAUSTED_DRIVERS)
JavaScript warning: https://www.amazon.com/Innate-vitality-Magnesium-Glycinate-500mg/product-reviews/B07K5WDLBG/?ie=UTF8&reviewerType=all_reviews&pageNumber=14 line 7 > injectedScript, line 1: WebGL warning: <Create>: WebglAllowWindowsNativeGl:false restricts context creation on this system.
JavaScript warning: https://www.amazon.com/Innate-vitality-Magnesium-Glycinate-500mg/product-reviews/B07K5WDLBG/?ie=UTF8&reviewerType=all_reviews&pageNumber=14 line 7 > injectedScript, line 1: Failed to create WebGL context: WebGL creation failed: 
* WebglAllowWindowsNativeGl:false restricts context creation on this system. ()
* Exhausted GL driver options. (FEATURE_FAILURE_WEBGL_EXHAUSTED_DRIVERS)
JavaScript warning: https://www.amazon.com/Innate-vitality-Magnesium-Glycinate-500mg/product-reviews/B07K5WDLBG/?ie=UTF8&reviewerType=all_reviews&pageNumber=14 line 7 > injectedScript, line 1: WebGL warning: <Create>: WebglAllowWindowsNativeGl:false restricts context creation on this system.
JavaScript warning: https://www.amazon.com/Innate-vitality-Magnesium-Glycinate-500mg/product-reviews/B07K5WDLBG/?ie=UTF8&reviewerType=all_reviews&pageNumber=14 line 7 > injectedScript, line 1: Failed to create WebGL context: WebGL creation failed: 
* WebglAllowWindowsNativeGl:false restricts context creation on this system. ()
* Exhausted GL driver options. (FEATURE_FAILURE_WEBGL_EXHAUSTED_DRIVERS)
JavaScript warning: https://www.amazon.com/Innate-vitality-Magnesium-Glycinate-500mg/product-reviews/B07K5WDLBG/?ie=UTF8&reviewerType=all_reviews&pageNumber=15 line 7 > injectedScript, line 1: WebGL warning: <Create>: WebglAllowWindowsNativeGl:false restricts context creation on this system.
JavaScript warning: https://www.amazon.com/Innate-vitality-Magnesium-Glycinate-500mg/product-reviews/B07K5WDLBG/?ie=UTF8&reviewerType=all_reviews&pageNumber=15 line 7 > injectedScript, line 1: Failed to create WebGL context: WebGL creation failed: 
* WebglAllowWindowsNativeGl:false restricts context creation on this system. ()
* Exhausted GL driver options. (FEATURE_FAILURE_WEBGL_EXHAUSTED_DRIVERS)
JavaScript warning: https://www.amazon.com/Innate-vitality-Magnesium-Glycinate-500mg/product-reviews/B07K5WDLBG/?ie=UTF8&reviewerType=all_reviews&pageNumber=15 line 7 > injectedScript, line 1: WebGL warning: <Create>: WebglAllowWindowsNativeGl:false restricts context creation on this system.
JavaScript warning: https://www.amazon.com/Innate-vitality-Magnesium-Glycinate-500mg/product-reviews/B07K5WDLBG/?ie=UTF8&reviewerType=all_reviews&pageNumber=15 line 7 > injectedScript, line 1: Failed to create WebGL context: WebGL creation failed: 
* WebglAllowWindowsNativeGl:false restricts context creation on this system. ()
* Exhausted GL driver options. (FEATURE_FAILURE_WEBGL_EXHAUSTED_DRIVERS)
JavaScript warning: https://www.amazon.com/Innate-vitality-Magnesium-Glycinate-500mg/product-reviews/B07K5WDLBG/?ie=UTF8&reviewerType=all_reviews&pageNumber=16 line 7 > injectedScript, line 1: WebGL warning: <Create>: WebglAllowWindowsNativeGl:false restricts context creation on this system.
JavaScript warning: https://www.amazon.com/Innate-vitality-Magnesium-Glycinate-500mg/product-reviews/B07K5WDLBG/?ie=UTF8&reviewerType=all_reviews&pageNumber=16 line 7 > injectedScript, line 1: Failed to create WebGL context: WebGL creation failed: 
* WebglAllowWindowsNativeGl:false restricts context creation on this system. ()
* Exhausted GL driver options. (FEATURE_FAILURE_WEBGL_EXHAUSTED_DRIVERS)
JavaScript warning: https://www.amazon.com/Innate-vitality-Magnesium-Glycinate-500mg/product-reviews/B07K5WDLBG/?ie=UTF8&reviewerType=all_reviews&pageNumber=16 line 7 > injectedScript, line 1: WebGL warning: <Create>: WebglAllowWindowsNativeGl:false restricts context creation on this system.
JavaScript warning: https://www.amazon.com/Innate-vitality-Magnesium-Glycinate-500mg/product-reviews/B07K5WDLBG/?ie=UTF8&reviewerType=all_reviews&pageNumber=16 line 7 > injectedScript, line 1: Failed to create WebGL context: WebGL creation failed: 
* WebglAllowWindowsNativeGl:false restricts context creation on this system. ()
* Exhausted GL driver options. (FEATURE_FAILURE_WEBGL_EXHAUSTED_DRIVERS)
JavaScript warning: https://www.amazon.com/Innate-vitality-Magnesium-Glycinate-500mg/product-reviews/B07K5WDLBG/?ie=UTF8&reviewerType=all_reviews&pageNumber=17 line 7 > injectedScript, line 1: WebGL warning: <Create>: WebglAllowWindowsNativeGl:false restricts context creation on this system.
JavaScript warning: https://www.amazon.com/Innate-vitality-Magnesium-Glycinate-500mg/product-reviews/B07K5WDLBG/?ie=UTF8&reviewerType=all_reviews&pageNumber=17 line 7 > injectedScript, line 1: Failed to create WebGL context: WebGL creation failed: 
* WebglAllowWindowsNativeGl:false restricts context creation on this system. ()
* Exhausted GL driver options. (FEATURE_FAILURE_WEBGL_EXHAUSTED_DRIVERS)
JavaScript warning: https://www.amazon.com/Innate-vitality-Magnesium-Glycinate-500mg/product-reviews/B07K5WDLBG/?ie=UTF8&reviewerType=all_reviews&pageNumber=17 line 7 > injectedScript, line 1: WebGL warning: <Create>: WebglAllowWindowsNativeGl:false restricts context creation on this system.
JavaScript warning: https://www.amazon.com/Innate-vitality-Magnesium-Glycinate-500mg/product-reviews/B07K5WDLBG/?ie=UTF8&reviewerType=all_reviews&pageNumber=17 line 7 > injectedScript, line 1: Failed to create WebGL context: WebGL creation failed: 
* WebglAllowWindowsNativeGl:false restricts context creation on this system. ()
* Exhausted GL driver options. (FEATURE_FAILURE_WEBGL_EXHAUSTED_DRIVERS)
JavaScript warning: https://www.amazon.com/Innate-vitality-Magnesium-Glycinate-500mg/product-reviews/B07K5WDLBG/?ie=UTF8&reviewerType=all_reviews&pageNumber=18 line 7 > injectedScript, line 1: WebGL warning: <Create>: WebglAllowWindowsNativeGl:false restricts context creation on this system.
JavaScript warning: https://www.amazon.com/Innate-vitality-Magnesium-Glycinate-500mg/product-reviews/B07K5WDLBG/?ie=UTF8&reviewerType=all_reviews&pageNumber=18 line 7 > injectedScript, line 1: Failed to create WebGL context: WebGL creation failed: 
* WebglAllowWindowsNativeGl:false restricts context creation on this system. ()
* Exhausted GL driver options. (FEATURE_FAILURE_WEBGL_EXHAUSTED_DRIVERS)
JavaScript warning: https://www.amazon.com/Innate-vitality-Magnesium-Glycinate-500mg/product-reviews/B07K5WDLBG/?ie=UTF8&reviewerType=all_reviews&pageNumber=18 line 7 > injectedScript, line 1: WebGL warning: <Create>: WebglAllowWindowsNativeGl:false restricts context creation on this system.
JavaScript warning: https://www.amazon.com/Innate-vitality-Magnesium-Glycinate-500mg/product-reviews/B07K5WDLBG/?ie=UTF8&reviewerType=all_reviews&pageNumber=18 line 7 > injectedScript, line 1: Failed to create WebGL context: WebGL creation failed: 
* WebglAllowWindowsNativeGl:false restricts context creation on this system. ()
* Exhausted GL driver options. (FEATURE_FAILURE_WEBGL_EXHAUSTED_DRIVERS)
JavaScript warning: https://www.amazon.com/Innate-vitality-Magnesium-Glycinate-500mg/product-reviews/B07K5WDLBG/?ie=UTF8&reviewerType=all_reviews&pageNumber=19 line 7 > injectedScript, line 1: WebGL warning: <Create>: WebglAllowWindowsNativeGl:false restricts context creation on this system.
JavaScript warning: https://www.amazon.com/Innate-vitality-Magnesium-Glycinate-500mg/product-reviews/B07K5WDLBG/?ie=UTF8&reviewerType=all_reviews&pageNumber=19 line 7 > injectedScript, line 1: Failed to create WebGL context: WebGL creation failed: 
* WebglAllowWindowsNativeGl:false restricts context creation on this system. ()
* Exhausted GL driver options. (FEATURE_FAILURE_WEBGL_EXHAUSTED_DRIVERS)
JavaScript warning: https://www.amazon.com/Innate-vitality-Magnesium-Glycinate-500mg/product-reviews/B07K5WDLBG/?ie=UTF8&reviewerType=all_reviews&pageNumber=19 line 7 > injectedScript, line 1: WebGL warning: <Create>: WebglAllowWindowsNativeGl:false restricts context creation on this system.
JavaScript warning: https://www.amazon.com/Innate-vitality-Magnesium-Glycinate-500mg/product-reviews/B07K5WDLBG/?ie=UTF8&reviewerType=all_reviews&pageNumber=19 line 7 > injectedScript, line 1: Failed to create WebGL context: WebGL creation failed: 
* WebglAllowWindowsNativeGl:false restricts context creation on this system. ()
* Exhausted GL driver options. (FEATURE_FAILURE_WEBGL_EXHAUSTED_DRIVERS)
JavaScript warning: https://www.amazon.com/Innate-vitality-Magnesium-Glycinate-500mg/product-reviews/B07K5WDLBG/?ie=UTF8&reviewerType=all_reviews&pageNumber=20 line 7 > injectedScript, line 1: WebGL warning: <Create>: WebglAllowWindowsNativeGl:false restricts context creation on this system.
JavaScript warning: https://www.amazon.com/Innate-vitality-Magnesium-Glycinate-500mg/product-reviews/B07K5WDLBG/?ie=UTF8&reviewerType=all_reviews&pageNumber=20 line 7 > injectedScript, line 1: Failed to create WebGL context: WebGL creation failed: 
* WebglAllowWindowsNativeGl:false restricts context creation on this system. ()
* Exhausted GL driver options. (FEATURE_FAILURE_WEBGL_EXHAUSTED_DRIVERS)
JavaScript warning: https://www.amazon.com/Innate-vitality-Magnesium-Glycinate-500mg/product-reviews/B07K5WDLBG/?ie=UTF8&reviewerType=all_reviews&pageNumber=20 line 7 > injectedScript, line 1: WebGL warning: <Create>: WebglAllowWindowsNativeGl:false restricts context creation on this system.
JavaScript warning: https://www.amazon.com/Innate-vitality-Magnesium-Glycinate-500mg/product-reviews/B07K5WDLBG/?ie=UTF8&reviewerType=all_reviews&pageNumber=20 line 7 > injectedScript, line 1: Failed to create WebGL context: WebGL creation failed: 
* WebglAllowWindowsNativeGl:false restricts context creation on this system. ()
* Exhausted GL driver options. (FEATURE_FAILURE_WEBGL_EXHAUSTED_DRIVERS)
JavaScript warning: https://www.amazon.com/Innate-vitality-Magnesium-Glycinate-500mg/product-reviews/B07K5WDLBG/?ie=UTF8&reviewerType=all_reviews&pageNumber=21 line 7 > injectedScript, line 1: WebGL warning: <Create>: WebglAllowWindowsNativeGl:false restricts context creation on this system.
JavaScript warning: https://www.amazon.com/Innate-vitality-Magnesium-Glycinate-500mg/product-reviews/B07K5WDLBG/?ie=UTF8&reviewerType=all_reviews&pageNumber=21 line 7 > injectedScript, line 1: Failed to create WebGL context: WebGL creation failed: 
* WebglAllowWindowsNativeGl:false restricts context creation on this system. ()
* Exhausted GL driver options. (FEATURE_FAILURE_WEBGL_EXHAUSTED_DRIVERS)
JavaScript warning: https://www.amazon.com/Innate-vitality-Magnesium-Glycinate-500mg/product-reviews/B07K5WDLBG/?ie=UTF8&reviewerType=all_reviews&pageNumber=21 line 7 > injectedScript, line 1: WebGL warning: <Create>: WebglAllowWindowsNativeGl:false restricts context creation on this system.
JavaScript warning: https://www.amazon.com/Innate-vitality-Magnesium-Glycinate-500mg/product-reviews/B07K5WDLBG/?ie=UTF8&reviewerType=all_reviews&pageNumber=21 line 7 > injectedScript, line 1: Failed to create WebGL context: WebGL creation failed: 
* WebglAllowWindowsNativeGl:false restricts context creation on this system. ()
* Exhausted GL driver options. (FEATURE_FAILURE_WEBGL_EXHAUSTED_DRIVERS)
JavaScript warning: https://www.amazon.com/Innate-vitality-Magnesium-Glycinate-500mg/product-reviews/B07K5WDLBG/?ie=UTF8&reviewerType=all_reviews&pageNumber=22 line 7 > injectedScript, line 1: WebGL warning: <Create>: WebglAllowWindowsNativeGl:false restricts context creation on this system.
JavaScript warning: https://www.amazon.com/Innate-vitality-Magnesium-Glycinate-500mg/product-reviews/B07K5WDLBG/?ie=UTF8&reviewerType=all_reviews&pageNumber=22 line 7 > injectedScript, line 1: Failed to create WebGL context: WebGL creation failed: 
* WebglAllowWindowsNativeGl:false restricts context creation on this system. ()
* Exhausted GL driver options. (FEATURE_FAILURE_WEBGL_EXHAUSTED_DRIVERS)
JavaScript warning: https://www.amazon.com/Innate-vitality-Magnesium-Glycinate-500mg/product-reviews/B07K5WDLBG/?ie=UTF8&reviewerType=all_reviews&pageNumber=22 line 7 > injectedScript, line 1: WebGL warning: <Create>: WebglAllowWindowsNativeGl:false restricts context creation on this system.
JavaScript warning: https://www.amazon.com/Innate-vitality-Magnesium-Glycinate-500mg/product-reviews/B07K5WDLBG/?ie=UTF8&reviewerType=all_reviews&pageNumber=22 line 7 > injectedScript, line 1: Failed to create WebGL context: WebGL creation failed: 
* WebglAllowWindowsNativeGl:false restricts context creation on this system. ()
* Exhausted GL driver options. (FEATURE_FAILURE_WEBGL_EXHAUSTED_DRIVERS)
JavaScript warning: https://www.amazon.com/Innate-vitality-Magnesium-Glycinate-500mg/product-reviews/B07K5WDLBG/?ie=UTF8&reviewerType=all_reviews&pageNumber=23 line 7 > injectedScript, line 1: WebGL warning: <Create>: WebglAllowWindowsNativeGl:false restricts context creation on this system.
JavaScript warning: https://www.amazon.com/Innate-vitality-Magnesium-Glycinate-500mg/product-reviews/B07K5WDLBG/?ie=UTF8&reviewerType=all_reviews&pageNumber=23 line 7 > injectedScript, line 1: Failed to create WebGL context: WebGL creation failed: 
* WebglAllowWindowsNativeGl:false restricts context creation on this system. ()
* Exhausted GL driver options. (FEATURE_FAILURE_WEBGL_EXHAUSTED_DRIVERS)
JavaScript warning: https://www.amazon.com/Innate-vitality-Magnesium-Glycinate-500mg/product-reviews/B07K5WDLBG/?ie=UTF8&reviewerType=all_reviews&pageNumber=23 line 7 > injectedScript, line 1: WebGL warning: <Create>: WebglAllowWindowsNativeGl:false restricts context creation on this system.
JavaScript warning: https://www.amazon.com/Innate-vitality-Magnesium-Glycinate-500mg/product-reviews/B07K5WDLBG/?ie=UTF8&reviewerType=all_reviews&pageNumber=23 line 7 > injectedScript, line 1: Failed to create WebGL context: WebGL creation failed: 
* WebglAllowWindowsNativeGl:false restricts context creation on this system. ()
* Exhausted GL driver options. (FEATURE_FAILURE_WEBGL_EXHAUSTED_DRIVERS)
JavaScript warning: https://www.amazon.com/Innate-vitality-Magnesium-Glycinate-500mg/product-reviews/B07K5WDLBG/?ie=UTF8&reviewerType=all_reviews&pageNumber=24 line 7 > injectedScript, line 1: WebGL warning: <Create>: WebglAllowWindowsNativeGl:false restricts context creation on this system.
JavaScript warning: https://www.amazon.com/Innate-vitality-Magnesium-Glycinate-500mg/product-reviews/B07K5WDLBG/?ie=UTF8&reviewerType=all_reviews&pageNumber=24 line 7 > injectedScript, line 1: Failed to create WebGL context: WebGL creation failed: 
* WebglAllowWindowsNativeGl:false restricts context creation on this system. ()
* Exhausted GL driver options. (FEATURE_FAILURE_WEBGL_EXHAUSTED_DRIVERS)
JavaScript warning: https://www.amazon.com/Innate-vitality-Magnesium-Glycinate-500mg/product-reviews/B07K5WDLBG/?ie=UTF8&reviewerType=all_reviews&pageNumber=24 line 7 > injectedScript, line 1: WebGL warning: <Create>: WebglAllowWindowsNativeGl:false restricts context creation on this system.
JavaScript warning: https://www.amazon.com/Innate-vitality-Magnesium-Glycinate-500mg/product-reviews/B07K5WDLBG/?ie=UTF8&reviewerType=all_reviews&pageNumber=24 line 7 > injectedScript, line 1: Failed to create WebGL context: WebGL creation failed: 
* WebglAllowWindowsNativeGl:false restricts context creation on this system. ()
* Exhausted GL driver options. (FEATURE_FAILURE_WEBGL_EXHAUSTED_DRIVERS)
JavaScript warning: https://www.amazon.com/Innate-vitality-Magnesium-Glycinate-500mg/product-reviews/B07K5WDLBG/?ie=UTF8&reviewerType=all_reviews&pageNumber=25 line 7 > injectedScript, line 1: WebGL warning: <Create>: WebglAllowWindowsNativeGl:false restricts context creation on this system.
JavaScript warning: https://www.amazon.com/Innate-vitality-Magnesium-Glycinate-500mg/product-reviews/B07K5WDLBG/?ie=UTF8&reviewerType=all_reviews&pageNumber=25 line 7 > injectedScript, line 1: Failed to create WebGL context: WebGL creation failed: 
* WebglAllowWindowsNativeGl:false restricts context creation on this system. ()
* Exhausted GL driver options. (FEATURE_FAILURE_WEBGL_EXHAUSTED_DRIVERS)
JavaScript warning: https://www.amazon.com/Innate-vitality-Magnesium-Glycinate-500mg/product-reviews/B07K5WDLBG/?ie=UTF8&reviewerType=all_reviews&pageNumber=25 line 7 > injectedScript, line 1: WebGL warning: <Create>: WebglAllowWindowsNativeGl:false restricts context creation on this system.
JavaScript warning: https://www.amazon.com/Innate-vitality-Magnesium-Glycinate-500mg/product-reviews/B07K5WDLBG/?ie=UTF8&reviewerType=all_reviews&pageNumber=25 line 7 > injectedScript, line 1: Failed to create WebGL context: WebGL creation failed: 
* WebglAllowWindowsNativeGl:false restricts context creation on this system. ()
* Exhausted GL driver options. (FEATURE_FAILURE_WEBGL_EXHAUSTED_DRIVERS)
JavaScript warning: https://www.amazon.com/Innate-vitality-Magnesium-Glycinate-500mg/product-reviews/B07K5WDLBG/?ie=UTF8&reviewerType=all_reviews&pageNumber=26 line 7 > injectedScript, line 1: WebGL warning: <Create>: WebglAllowWindowsNativeGl:false restricts context creation on this system.
JavaScript warning: https://www.amazon.com/Innate-vitality-Magnesium-Glycinate-500mg/product-reviews/B07K5WDLBG/?ie=UTF8&reviewerType=all_reviews&pageNumber=26 line 7 > injectedScript, line 1: Failed to create WebGL context: WebGL creation failed: 
* WebglAllowWindowsNativeGl:false restricts context creation on this system. ()
* Exhausted GL driver options. (FEATURE_FAILURE_WEBGL_EXHAUSTED_DRIVERS)
JavaScript warning: https://www.amazon.com/Innate-vitality-Magnesium-Glycinate-500mg/product-reviews/B07K5WDLBG/?ie=UTF8&reviewerType=all_reviews&pageNumber=26 line 7 > injectedScript, line 1: WebGL warning: <Create>: WebglAllowWindowsNativeGl:false restricts context creation on this system.
JavaScript warning: https://www.amazon.com/Innate-vitality-Magnesium-Glycinate-500mg/product-reviews/B07K5WDLBG/?ie=UTF8&reviewerType=all_reviews&pageNumber=26 line 7 > injectedScript, line 1: Failed to create WebGL context: WebGL creation failed: 
* WebglAllowWindowsNativeGl:false restricts context creation on this system. ()
* Exhausted GL driver options. (FEATURE_FAILURE_WEBGL_EXHAUSTED_DRIVERS)
JavaScript warning: https://www.amazon.com/Innate-vitality-Magnesium-Glycinate-500mg/product-reviews/B07K5WDLBG/?ie=UTF8&reviewerType=all_reviews&pageNumber=27 line 7 > injectedScript, line 1: WebGL warning: <Create>: WebglAllowWindowsNativeGl:false restricts context creation on this system.
JavaScript warning: https://www.amazon.com/Innate-vitality-Magnesium-Glycinate-500mg/product-reviews/B07K5WDLBG/?ie=UTF8&reviewerType=all_reviews&pageNumber=27 line 7 > injectedScript, line 1: Failed to create WebGL context: WebGL creation failed: 
* WebglAllowWindowsNativeGl:false restricts context creation on this system. ()
* Exhausted GL driver options. (FEATURE_FAILURE_WEBGL_EXHAUSTED_DRIVERS)
JavaScript warning: https://www.amazon.com/Innate-vitality-Magnesium-Glycinate-500mg/product-reviews/B07K5WDLBG/?ie=UTF8&reviewerType=all_reviews&pageNumber=27 line 7 > injectedScript, line 1: WebGL warning: <Create>: WebglAllowWindowsNativeGl:false restricts context creation on this system.
JavaScript warning: https://www.amazon.com/Innate-vitality-Magnesium-Glycinate-500mg/product-reviews/B07K5WDLBG/?ie=UTF8&reviewerType=all_reviews&pageNumber=27 line 7 > injectedScript, line 1: Failed to create WebGL context: WebGL creation failed: 
* WebglAllowWindowsNativeGl:false restricts context creation on this system. ()
* Exhausted GL driver options. (FEATURE_FAILURE_WEBGL_EXHAUSTED_DRIVERS)
JavaScript warning: https://www.amazon.com/Innate-vitality-Magnesium-Glycinate-500mg/product-reviews/B07K5WDLBG/?ie=UTF8&reviewerType=all_reviews&pageNumber=28 line 7 > injectedScript, line 1: WebGL warning: <Create>: WebglAllowWindowsNativeGl:false restricts context creation on this system.
JavaScript warning: https://www.amazon.com/Innate-vitality-Magnesium-Glycinate-500mg/product-reviews/B07K5WDLBG/?ie=UTF8&reviewerType=all_reviews&pageNumber=28 line 7 > injectedScript, line 1: Failed to create WebGL context: WebGL creation failed: 
* WebglAllowWindowsNativeGl:false restricts context creation on this system. ()
* Exhausted GL driver options. (FEATURE_FAILURE_WEBGL_EXHAUSTED_DRIVERS)
JavaScript warning: https://www.amazon.com/Innate-vitality-Magnesium-Glycinate-500mg/product-reviews/B07K5WDLBG/?ie=UTF8&reviewerType=all_reviews&pageNumber=28 line 7 > injectedScript, line 1: WebGL warning: <Create>: WebglAllowWindowsNativeGl:false restricts context creation on this system.
JavaScript warning: https://www.amazon.com/Innate-vitality-Magnesium-Glycinate-500mg/product-reviews/B07K5WDLBG/?ie=UTF8&reviewerType=all_reviews&pageNumber=28 line 7 > injectedScript, line 1: Failed to create WebGL context: WebGL creation failed: 
* WebglAllowWindowsNativeGl:false restricts context creation on this system. ()
* Exhausted GL driver options. (FEATURE_FAILURE_WEBGL_EXHAUSTED_DRIVERS)
JavaScript warning: https://www.amazon.com/Innate-vitality-Magnesium-Glycinate-500mg/product-reviews/B07K5WDLBG/?ie=UTF8&reviewerType=all_reviews&pageNumber=29 line 7 > injectedScript, line 1: WebGL warning: <Create>: WebglAllowWindowsNativeGl:false restricts context creation on this system.
JavaScript warning: https://www.amazon.com/Innate-vitality-Magnesium-Glycinate-500mg/product-reviews/B07K5WDLBG/?ie=UTF8&reviewerType=all_reviews&pageNumber=29 line 7 > injectedScript, line 1: Failed to create WebGL context: WebGL creation failed: 
* WebglAllowWindowsNativeGl:false restricts context creation on this system. ()
* Exhausted GL driver options. (FEATURE_FAILURE_WEBGL_EXHAUSTED_DRIVERS)
JavaScript warning: https://www.amazon.com/Innate-vitality-Magnesium-Glycinate-500mg/product-reviews/B07K5WDLBG/?ie=UTF8&reviewerType=all_reviews&pageNumber=29 line 7 > injectedScript, line 1: WebGL warning: <Create>: WebglAllowWindowsNativeGl:false restricts context creation on this system.
JavaScript warning: https://www.amazon.com/Innate-vitality-Magnesium-Glycinate-500mg/product-reviews/B07K5WDLBG/?ie=UTF8&reviewerType=all_reviews&pageNumber=29 line 7 > injectedScript, line 1: Failed to create WebGL context: WebGL creation failed: 
* WebglAllowWindowsNativeGl:false restricts context creation on this system. ()
* Exhausted GL driver options. (FEATURE_FAILURE_WEBGL_EXHAUSTED_DRIVERS)
JavaScript warning: https://www.amazon.com/Innate-vitality-Magnesium-Glycinate-500mg/product-reviews/B07K5WDLBG/?ie=UTF8&reviewerType=all_reviews&pageNumber=30 line 7 > injectedScript, line 1: WebGL warning: <Create>: WebglAllowWindowsNativeGl:false restricts context creation on this system.
JavaScript warning: https://www.amazon.com/Innate-vitality-Magnesium-Glycinate-500mg/product-reviews/B07K5WDLBG/?ie=UTF8&reviewerType=all_reviews&pageNumber=30 line 7 > injectedScript, line 1: Failed to create WebGL context: WebGL creation failed: 
* WebglAllowWindowsNativeGl:false restricts context creation on this system. ()
* Exhausted GL driver options. (FEATURE_FAILURE_WEBGL_EXHAUSTED_DRIVERS)
JavaScript warning: https://www.amazon.com/Innate-vitality-Magnesium-Glycinate-500mg/product-reviews/B07K5WDLBG/?ie=UTF8&reviewerType=all_reviews&pageNumber=30 line 7 > injectedScript, line 1: WebGL warning: <Create>: WebglAllowWindowsNativeGl:false restricts context creation on this system.
JavaScript warning: https://www.amazon.com/Innate-vitality-Magnesium-Glycinate-500mg/product-reviews/B07K5WDLBG/?ie=UTF8&reviewerType=all_reviews&pageNumber=30 line 7 > injectedScript, line 1: Failed to create WebGL context: WebGL creation failed: 
* WebglAllowWindowsNativeGl:false restricts context creation on this system. ()
* Exhausted GL driver options. (FEATURE_FAILURE_WEBGL_EXHAUSTED_DRIVERS)
JavaScript warning: https://www.amazon.com/Innate-vitality-Magnesium-Glycinate-500mg/product-reviews/B07K5WDLBG/?ie=UTF8&reviewerType=all_reviews&pageNumber=31 line 7 > injectedScript, line 1: WebGL warning: <Create>: WebglAllowWindowsNativeGl:false restricts context creation on this system.
JavaScript warning: https://www.amazon.com/Innate-vitality-Magnesium-Glycinate-500mg/product-reviews/B07K5WDLBG/?ie=UTF8&reviewerType=all_reviews&pageNumber=31 line 7 > injectedScript, line 1: Failed to create WebGL context: WebGL creation failed: 
* WebglAllowWindowsNativeGl:false restricts context creation on this system. ()
* Exhausted GL driver options. (FEATURE_FAILURE_WEBGL_EXHAUSTED_DRIVERS)
JavaScript warning: https://www.amazon.com/Innate-vitality-Magnesium-Glycinate-500mg/product-reviews/B07K5WDLBG/?ie=UTF8&reviewerType=all_reviews&pageNumber=31 line 7 > injectedScript, line 1: WebGL warning: <Create>: WebglAllowWindowsNativeGl:false restricts context creation on this system.
JavaScript warning: https://www.amazon.com/Innate-vitality-Magnesium-Glycinate-500mg/product-reviews/B07K5WDLBG/?ie=UTF8&reviewerType=all_reviews&pageNumber=31 line 7 > injectedScript, line 1: Failed to create WebGL context: WebGL creation failed: 
* WebglAllowWindowsNativeGl:false restricts context creation on this system. ()
* Exhausted GL driver options. (FEATURE_FAILURE_WEBGL_EXHAUSTED_DRIVERS)
JavaScript warning: https://www.amazon.com/Innate-vitality-Magnesium-Glycinate-500mg/product-reviews/B07K5WDLBG/?ie=UTF8&reviewerType=all_reviews&pageNumber=32 line 7 > injectedScript, line 1: WebGL warning: <Create>: WebglAllowWindowsNativeGl:false restricts context creation on this system.
JavaScript warning: https://www.amazon.com/Innate-vitality-Magnesium-Glycinate-500mg/product-reviews/B07K5WDLBG/?ie=UTF8&reviewerType=all_reviews&pageNumber=32 line 7 > injectedScript, line 1: Failed to create WebGL context: WebGL creation failed: 
* WebglAllowWindowsNativeGl:false restricts context creation on this system. ()
* Exhausted GL driver options. (FEATURE_FAILURE_WEBGL_EXHAUSTED_DRIVERS)
JavaScript warning: https://www.amazon.com/Innate-vitality-Magnesium-Glycinate-500mg/product-reviews/B07K5WDLBG/?ie=UTF8&reviewerType=all_reviews&pageNumber=32 line 7 > injectedScript, line 1: WebGL warning: <Create>: WebglAllowWindowsNativeGl:false restricts context creation on this system.
JavaScript warning: https://www.amazon.com/Innate-vitality-Magnesium-Glycinate-500mg/product-reviews/B07K5WDLBG/?ie=UTF8&reviewerType=all_reviews&pageNumber=32 line 7 > injectedScript, line 1: Failed to create WebGL context: WebGL creation failed: 
* WebglAllowWindowsNativeGl:false restricts context creation on this system. ()
* Exhausted GL driver options. (FEATURE_FAILURE_WEBGL_EXHAUSTED_DRIVERS)
JavaScript warning: https://www.amazon.com/Innate-vitality-Magnesium-Glycinate-500mg/product-reviews/B07K5WDLBG/?ie=UTF8&reviewerType=all_reviews&pageNumber=33 line 7 > injectedScript, line 1: WebGL warning: <Create>: WebglAllowWindowsNativeGl:false restricts context creation on this system.
JavaScript warning: https://www.amazon.com/Innate-vitality-Magnesium-Glycinate-500mg/product-reviews/B07K5WDLBG/?ie=UTF8&reviewerType=all_reviews&pageNumber=33 line 7 > injectedScript, line 1: Failed to create WebGL context: WebGL creation failed: 
* WebglAllowWindowsNativeGl:false restricts context creation on this system. ()
* Exhausted GL driver options. (FEATURE_FAILURE_WEBGL_EXHAUSTED_DRIVERS)
JavaScript warning: https://www.amazon.com/Innate-vitality-Magnesium-Glycinate-500mg/product-reviews/B07K5WDLBG/?ie=UTF8&reviewerType=all_reviews&pageNumber=33 line 7 > injectedScript, line 1: WebGL warning: <Create>: WebglAllowWindowsNativeGl:false restricts context creation on this system.
JavaScript warning: https://www.amazon.com/Innate-vitality-Magnesium-Glycinate-500mg/product-reviews/B07K5WDLBG/?ie=UTF8&reviewerType=all_reviews&pageNumber=33 line 7 > injectedScript, line 1: Failed to create WebGL context: WebGL creation failed: 
* WebglAllowWindowsNativeGl:false restricts context creation on this system. ()
* Exhausted GL driver options. (FEATURE_FAILURE_WEBGL_EXHAUSTED_DRIVERS)
JavaScript warning: https://www.amazon.com/Innate-vitality-Magnesium-Glycinate-500mg/product-reviews/B07K5WDLBG/?ie=UTF8&reviewerType=all_reviews&pageNumber=34 line 7 > injectedScript, line 1: WebGL warning: <Create>: WebglAllowWindowsNativeGl:false restricts context creation on this system.
JavaScript warning: https://www.amazon.com/Innate-vitality-Magnesium-Glycinate-500mg/product-reviews/B07K5WDLBG/?ie=UTF8&reviewerType=all_reviews&pageNumber=34 line 7 > injectedScript, line 1: Failed to create WebGL context: WebGL creation failed: 
* WebglAllowWindowsNativeGl:false restricts context creation on this system. ()
* Exhausted GL driver options. (FEATURE_FAILURE_WEBGL_EXHAUSTED_DRIVERS)
JavaScript warning: https://www.amazon.com/Innate-vitality-Magnesium-Glycinate-500mg/product-reviews/B07K5WDLBG/?ie=UTF8&reviewerType=all_reviews&pageNumber=34 line 7 > injectedScript, line 1: WebGL warning: <Create>: WebglAllowWindowsNativeGl:false restricts context creation on this system.
JavaScript warning: https://www.amazon.com/Innate-vitality-Magnesium-Glycinate-500mg/product-reviews/B07K5WDLBG/?ie=UTF8&reviewerType=all_reviews&pageNumber=34 line 7 > injectedScript, line 1: Failed to create WebGL context: WebGL creation failed: 
* WebglAllowWindowsNativeGl:false restricts context creation on this system. ()
* Exhausted GL driver options. (FEATURE_FAILURE_WEBGL_EXHAUSTED_DRIVERS)
JavaScript warning: https://www.amazon.com/Innate-vitality-Magnesium-Glycinate-500mg/product-reviews/B07K5WDLBG/?ie=UTF8&reviewerType=all_reviews&pageNumber=35 line 7 > injectedScript, line 1: WebGL warning: <Create>: WebglAllowWindowsNativeGl:false restricts context creation on this system.
JavaScript warning: https://www.amazon.com/Innate-vitality-Magnesium-Glycinate-500mg/product-reviews/B07K5WDLBG/?ie=UTF8&reviewerType=all_reviews&pageNumber=35 line 7 > injectedScript, line 1: Failed to create WebGL context: WebGL creation failed: 
* WebglAllowWindowsNativeGl:false restricts context creation on this system. ()
* Exhausted GL driver options. (FEATURE_FAILURE_WEBGL_EXHAUSTED_DRIVERS)
JavaScript warning: https://www.amazon.com/Innate-vitality-Magnesium-Glycinate-500mg/product-reviews/B07K5WDLBG/?ie=UTF8&reviewerType=all_reviews&pageNumber=35 line 7 > injectedScript, line 1: WebGL warning: <Create>: WebglAllowWindowsNativeGl:false restricts context creation on this system.
JavaScript warning: https://www.amazon.com/Innate-vitality-Magnesium-Glycinate-500mg/product-reviews/B07K5WDLBG/?ie=UTF8&reviewerType=all_reviews&pageNumber=35 line 7 > injectedScript, line 1: Failed to create WebGL context: WebGL creation failed: 
* WebglAllowWindowsNativeGl:false restricts context creation on this system. ()
* Exhausted GL driver options. (FEATURE_FAILURE_WEBGL_EXHAUSTED_DRIVERS)
JavaScript warning: https://www.amazon.com/Innate-vitality-Magnesium-Glycinate-500mg/product-reviews/B07K5WDLBG/?ie=UTF8&reviewerType=all_reviews&pageNumber=36 line 7 > injectedScript, line 1: WebGL warning: <Create>: WebglAllowWindowsNativeGl:false restricts context creation on this system.
JavaScript warning: https://www.amazon.com/Innate-vitality-Magnesium-Glycinate-500mg/product-reviews/B07K5WDLBG/?ie=UTF8&reviewerType=all_reviews&pageNumber=36 line 7 > injectedScript, line 1: Failed to create WebGL context: WebGL creation failed: 
* WebglAllowWindowsNativeGl:false restricts context creation on this system. ()
* Exhausted GL driver options. (FEATURE_FAILURE_WEBGL_EXHAUSTED_DRIVERS)
JavaScript warning: https://www.amazon.com/Innate-vitality-Magnesium-Glycinate-500mg/product-reviews/B07K5WDLBG/?ie=UTF8&reviewerType=all_reviews&pageNumber=36 line 7 > injectedScript, line 1: WebGL warning: <Create>: WebglAllowWindowsNativeGl:false restricts context creation on this system.
JavaScript warning: https://www.amazon.com/Innate-vitality-Magnesium-Glycinate-500mg/product-reviews/B07K5WDLBG/?ie=UTF8&reviewerType=all_reviews&pageNumber=36 line 7 > injectedScript, line 1: Failed to create WebGL context: WebGL creation failed: 
* WebglAllowWindowsNativeGl:false restricts context creation on this system. ()
* Exhausted GL driver options. (FEATURE_FAILURE_WEBGL_EXHAUSTED_DRIVERS)
JavaScript warning: https://www.amazon.com/Innate-vitality-Magnesium-Glycinate-500mg/product-reviews/B07K5WDLBG/?ie=UTF8&reviewerType=all_reviews&pageNumber=37 line 7 > injectedScript, line 1: WebGL warning: <Create>: WebglAllowWindowsNativeGl:false restricts context creation on this system.
JavaScript warning: https://www.amazon.com/Innate-vitality-Magnesium-Glycinate-500mg/product-reviews/B07K5WDLBG/?ie=UTF8&reviewerType=all_reviews&pageNumber=37 line 7 > injectedScript, line 1: Failed to create WebGL context: WebGL creation failed: 
* WebglAllowWindowsNativeGl:false restricts context creation on this system. ()
* Exhausted GL driver options. (FEATURE_FAILURE_WEBGL_EXHAUSTED_DRIVERS)
JavaScript warning: https://www.amazon.com/Innate-vitality-Magnesium-Glycinate-500mg/product-reviews/B07K5WDLBG/?ie=UTF8&reviewerType=all_reviews&pageNumber=37 line 7 > injectedScript, line 1: WebGL warning: <Create>: WebglAllowWindowsNativeGl:false restricts context creation on this system.
JavaScript warning: https://www.amazon.com/Innate-vitality-Magnesium-Glycinate-500mg/product-reviews/B07K5WDLBG/?ie=UTF8&reviewerType=all_reviews&pageNumber=37 line 7 > injectedScript, line 1: Failed to create WebGL context: WebGL creation failed: 
* WebglAllowWindowsNativeGl:false restricts context creation on this system. ()
* Exhausted GL driver options. (FEATURE_FAILURE_WEBGL_EXHAUSTED_DRIVERS)
JavaScript warning: https://www.amazon.com/Innate-vitality-Magnesium-Glycinate-500mg/product-reviews/B07K5WDLBG/?ie=UTF8&reviewerType=all_reviews&pageNumber=38 line 7 > injectedScript, line 1: WebGL warning: <Create>: WebglAllowWindowsNativeGl:false restricts context creation on this system.
JavaScript warning: https://www.amazon.com/Innate-vitality-Magnesium-Glycinate-500mg/product-reviews/B07K5WDLBG/?ie=UTF8&reviewerType=all_reviews&pageNumber=38 line 7 > injectedScript, line 1: Failed to create WebGL context: WebGL creation failed: 
* WebglAllowWindowsNativeGl:false restricts context creation on this system. ()
* Exhausted GL driver options. (FEATURE_FAILURE_WEBGL_EXHAUSTED_DRIVERS)
JavaScript warning: https://www.amazon.com/Innate-vitality-Magnesium-Glycinate-500mg/product-reviews/B07K5WDLBG/?ie=UTF8&reviewerType=all_reviews&pageNumber=38 line 7 > injectedScript, line 1: WebGL warning: <Create>: WebglAllowWindowsNativeGl:false restricts context creation on this system.
JavaScript warning: https://www.amazon.com/Innate-vitality-Magnesium-Glycinate-500mg/product-reviews/B07K5WDLBG/?ie=UTF8&reviewerType=all_reviews&pageNumber=38 line 7 > injectedScript, line 1: Failed to create WebGL context: WebGL creation failed: 
* WebglAllowWindowsNativeGl:false restricts context creation on this system. ()
* Exhausted GL driver options. (FEATURE_FAILURE_WEBGL_EXHAUSTED_DRIVERS)
JavaScript warning: https://www.amazon.com/Innate-vitality-Magnesium-Glycinate-500mg/product-reviews/B07K5WDLBG/?ie=UTF8&reviewerType=all_reviews&pageNumber=39 line 7 > injectedScript, line 1: WebGL warning: <Create>: WebglAllowWindowsNativeGl:false restricts context creation on this system.
JavaScript warning: https://www.amazon.com/Innate-vitality-Magnesium-Glycinate-500mg/product-reviews/B07K5WDLBG/?ie=UTF8&reviewerType=all_reviews&pageNumber=39 line 7 > injectedScript, line 1: Failed to create WebGL context: WebGL creation failed: 
* WebglAllowWindowsNativeGl:false restricts context creation on this system. ()
* Exhausted GL driver options. (FEATURE_FAILURE_WEBGL_EXHAUSTED_DRIVERS)
JavaScript warning: https://www.amazon.com/Innate-vitality-Magnesium-Glycinate-500mg/product-reviews/B07K5WDLBG/?ie=UTF8&reviewerType=all_reviews&pageNumber=39 line 7 > injectedScript, line 1: WebGL warning: <Create>: WebglAllowWindowsNativeGl:false restricts context creation on this system.
JavaScript warning: https://www.amazon.com/Innate-vitality-Magnesium-Glycinate-500mg/product-reviews/B07K5WDLBG/?ie=UTF8&reviewerType=all_reviews&pageNumber=39 line 7 > injectedScript, line 1: Failed to create WebGL context: WebGL creation failed: 
* WebglAllowWindowsNativeGl:false restricts context creation on this system. ()
* Exhausted GL driver options. (FEATURE_FAILURE_WEBGL_EXHAUSTED_DRIVERS)
JavaScript warning: https://www.amazon.com/Innate-vitality-Magnesium-Glycinate-500mg/product-reviews/B07K5WDLBG/?ie=UTF8&reviewerType=all_reviews&pageNumber=40 line 7 > injectedScript, line 1: WebGL warning: <Create>: WebglAllowWindowsNativeGl:false restricts context creation on this system.
JavaScript warning: https://www.amazon.com/Innate-vitality-Magnesium-Glycinate-500mg/product-reviews/B07K5WDLBG/?ie=UTF8&reviewerType=all_reviews&pageNumber=40 line 7 > injectedScript, line 1: Failed to create WebGL context: WebGL creation failed: 
* WebglAllowWindowsNativeGl:false restricts context creation on this system. ()
* Exhausted GL driver options. (FEATURE_FAILURE_WEBGL_EXHAUSTED_DRIVERS)
JavaScript warning: https://www.amazon.com/Innate-vitality-Magnesium-Glycinate-500mg/product-reviews/B07K5WDLBG/?ie=UTF8&reviewerType=all_reviews&pageNumber=40 line 7 > injectedScript, line 1: WebGL warning: <Create>: WebglAllowWindowsNativeGl:false restricts context creation on this system.
JavaScript warning: https://www.amazon.com/Innate-vitality-Magnesium-Glycinate-500mg/product-reviews/B07K5WDLBG/?ie=UTF8&reviewerType=all_reviews&pageNumber=40 line 7 > injectedScript, line 1: Failed to create WebGL context: WebGL creation failed: 
* WebglAllowWindowsNativeGl:false restricts context creation on this system. ()
* Exhausted GL driver options. (FEATURE_FAILURE_WEBGL_EXHAUSTED_DRIVERS)
JavaScript warning: https://www.amazon.com/Innate-vitality-Magnesium-Glycinate-500mg/product-reviews/B07K5WDLBG/?ie=UTF8&reviewerType=all_reviews&pageNumber=41 line 7 > injectedScript, line 1: WebGL warning: <Create>: WebglAllowWindowsNativeGl:false restricts context creation on this system.
JavaScript warning: https://www.amazon.com/Innate-vitality-Magnesium-Glycinate-500mg/product-reviews/B07K5WDLBG/?ie=UTF8&reviewerType=all_reviews&pageNumber=41 line 7 > injectedScript, line 1: Failed to create WebGL context: WebGL creation failed: 
* WebglAllowWindowsNativeGl:false restricts context creation on this system. ()
* Exhausted GL driver options. (FEATURE_FAILURE_WEBGL_EXHAUSTED_DRIVERS)
JavaScript warning: https://www.amazon.com/Innate-vitality-Magnesium-Glycinate-500mg/product-reviews/B07K5WDLBG/?ie=UTF8&reviewerType=all_reviews&pageNumber=41 line 7 > injectedScript, line 1: WebGL warning: <Create>: WebglAllowWindowsNativeGl:false restricts context creation on this system.
JavaScript warning: https://www.amazon.com/Innate-vitality-Magnesium-Glycinate-500mg/product-reviews/B07K5WDLBG/?ie=UTF8&reviewerType=all_reviews&pageNumber=41 line 7 > injectedScript, line 1: Failed to create WebGL context: WebGL creation failed: 
* WebglAllowWindowsNativeGl:false restricts context creation on this system. ()
* Exhausted GL driver options. (FEATURE_FAILURE_WEBGL_EXHAUSTED_DRIVERS)
JavaScript warning: https://www.amazon.com/Innate-vitality-Magnesium-Glycinate-500mg/product-reviews/B07K5WDLBG/?ie=UTF8&reviewerType=all_reviews&pageNumber=42 line 7 > injectedScript, line 1: WebGL warning: <Create>: WebglAllowWindowsNativeGl:false restricts context creation on this system.
JavaScript warning: https://www.amazon.com/Innate-vitality-Magnesium-Glycinate-500mg/product-reviews/B07K5WDLBG/?ie=UTF8&reviewerType=all_reviews&pageNumber=42 line 7 > injectedScript, line 1: Failed to create WebGL context: WebGL creation failed: 
* WebglAllowWindowsNativeGl:false restricts context creation on this system. ()
* Exhausted GL driver options. (FEATURE_FAILURE_WEBGL_EXHAUSTED_DRIVERS)
JavaScript warning: https://www.amazon.com/Innate-vitality-Magnesium-Glycinate-500mg/product-reviews/B07K5WDLBG/?ie=UTF8&reviewerType=all_reviews&pageNumber=42 line 7 > injectedScript, line 1: WebGL warning: <Create>: WebglAllowWindowsNativeGl:false restricts context creation on this system.
JavaScript warning: https://www.amazon.com/Innate-vitality-Magnesium-Glycinate-500mg/product-reviews/B07K5WDLBG/?ie=UTF8&reviewerType=all_reviews&pageNumber=42 line 7 > injectedScript, line 1: Failed to create WebGL context: WebGL creation failed: 
* WebglAllowWindowsNativeGl:false restricts context creation on this system. ()
* Exhausted GL driver options. (FEATURE_FAILURE_WEBGL_EXHAUSTED_DRIVERS)
JavaScript warning: https://www.amazon.com/Innate-vitality-Magnesium-Glycinate-500mg/product-reviews/B07K5WDLBG/?ie=UTF8&reviewerType=all_reviews&pageNumber=43 line 7 > injectedScript, line 1: WebGL warning: <Create>: WebglAllowWindowsNativeGl:false restricts context creation on this system.
JavaScript warning: https://www.amazon.com/Innate-vitality-Magnesium-Glycinate-500mg/product-reviews/B07K5WDLBG/?ie=UTF8&reviewerType=all_reviews&pageNumber=43 line 7 > injectedScript, line 1: Failed to create WebGL context: WebGL creation failed: 
* WebglAllowWindowsNativeGl:false restricts context creation on this system. ()
* Exhausted GL driver options. (FEATURE_FAILURE_WEBGL_EXHAUSTED_DRIVERS)
JavaScript warning: https://www.amazon.com/Innate-vitality-Magnesium-Glycinate-500mg/product-reviews/B07K5WDLBG/?ie=UTF8&reviewerType=all_reviews&pageNumber=43 line 7 > injectedScript, line 1: WebGL warning: <Create>: WebglAllowWindowsNativeGl:false restricts context creation on this system.
JavaScript warning: https://www.amazon.com/Innate-vitality-Magnesium-Glycinate-500mg/product-reviews/B07K5WDLBG/?ie=UTF8&reviewerType=all_reviews&pageNumber=43 line 7 > injectedScript, line 1: Failed to create WebGL context: WebGL creation failed: 
* WebglAllowWindowsNativeGl:false restricts context creation on this system. ()
* Exhausted GL driver options. (FEATURE_FAILURE_WEBGL_EXHAUSTED_DRIVERS)
JavaScript warning: https://www.amazon.com/Innate-vitality-Magnesium-Glycinate-500mg/product-reviews/B07K5WDLBG/?ie=UTF8&reviewerType=all_reviews&pageNumber=44 line 7 > injectedScript, line 1: WebGL warning: <Create>: WebglAllowWindowsNativeGl:false restricts context creation on this system.
JavaScript warning: https://www.amazon.com/Innate-vitality-Magnesium-Glycinate-500mg/product-reviews/B07K5WDLBG/?ie=UTF8&reviewerType=all_reviews&pageNumber=44 line 7 > injectedScript, line 1: Failed to create WebGL context: WebGL creation failed: 
* WebglAllowWindowsNativeGl:false restricts context creation on this system. ()
* Exhausted GL driver options. (FEATURE_FAILURE_WEBGL_EXHAUSTED_DRIVERS)
JavaScript warning: https://www.amazon.com/Innate-vitality-Magnesium-Glycinate-500mg/product-reviews/B07K5WDLBG/?ie=UTF8&reviewerType=all_reviews&pageNumber=44 line 7 > injectedScript, line 1: WebGL warning: <Create>: WebglAllowWindowsNativeGl:false restricts context creation on this system.
JavaScript warning: https://www.amazon.com/Innate-vitality-Magnesium-Glycinate-500mg/product-reviews/B07K5WDLBG/?ie=UTF8&reviewerType=all_reviews&pageNumber=44 line 7 > injectedScript, line 1: Failed to create WebGL context: WebGL creation failed: 
* WebglAllowWindowsNativeGl:false restricts context creation on this system. ()
* Exhausted GL driver options. (FEATURE_FAILURE_WEBGL_EXHAUSTED_DRIVERS)
JavaScript warning: https://www.amazon.com/Innate-vitality-Magnesium-Glycinate-500mg/product-reviews/B07K5WDLBG/?ie=UTF8&reviewerType=all_reviews&pageNumber=45 line 7 > injectedScript, line 1: WebGL warning: <Create>: WebglAllowWindowsNativeGl:false restricts context creation on this system.
JavaScript warning: https://www.amazon.com/Innate-vitality-Magnesium-Glycinate-500mg/product-reviews/B07K5WDLBG/?ie=UTF8&reviewerType=all_reviews&pageNumber=45 line 7 > injectedScript, line 1: Failed to create WebGL context: WebGL creation failed: 
* WebglAllowWindowsNativeGl:false restricts context creation on this system. ()
* Exhausted GL driver options. (FEATURE_FAILURE_WEBGL_EXHAUSTED_DRIVERS)
JavaScript warning: https://www.amazon.com/Innate-vitality-Magnesium-Glycinate-500mg/product-reviews/B07K5WDLBG/?ie=UTF8&reviewerType=all_reviews&pageNumber=45 line 7 > injectedScript, line 1: WebGL warning: <Create>: WebglAllowWindowsNativeGl:false restricts context creation on this system.
JavaScript warning: https://www.amazon.com/Innate-vitality-Magnesium-Glycinate-500mg/product-reviews/B07K5WDLBG/?ie=UTF8&reviewerType=all_reviews&pageNumber=45 line 7 > injectedScript, line 1: Failed to create WebGL context: WebGL creation failed: 
* WebglAllowWindowsNativeGl:false restricts context creation on this system. ()
* Exhausted GL driver options. (FEATURE_FAILURE_WEBGL_EXHAUSTED_DRIVERS)
JavaScript warning: https://www.amazon.com/Innate-vitality-Magnesium-Glycinate-500mg/product-reviews/B07K5WDLBG/?ie=UTF8&reviewerType=all_reviews&pageNumber=46 line 7 > injectedScript, line 1: WebGL warning: <Create>: WebglAllowWindowsNativeGl:false restricts context creation on this system.
JavaScript warning: https://www.amazon.com/Innate-vitality-Magnesium-Glycinate-500mg/product-reviews/B07K5WDLBG/?ie=UTF8&reviewerType=all_reviews&pageNumber=46 line 7 > injectedScript, line 1: Failed to create WebGL context: WebGL creation failed: 
* WebglAllowWindowsNativeGl:false restricts context creation on this system. ()
* Exhausted GL driver options. (FEATURE_FAILURE_WEBGL_EXHAUSTED_DRIVERS)
JavaScript warning: https://www.amazon.com/Innate-vitality-Magnesium-Glycinate-500mg/product-reviews/B07K5WDLBG/?ie=UTF8&reviewerType=all_reviews&pageNumber=46 line 7 > injectedScript, line 1: WebGL warning: <Create>: WebglAllowWindowsNativeGl:false restricts context creation on this system.
JavaScript warning: https://www.amazon.com/Innate-vitality-Magnesium-Glycinate-500mg/product-reviews/B07K5WDLBG/?ie=UTF8&reviewerType=all_reviews&pageNumber=46 line 7 > injectedScript, line 1: Failed to create WebGL context: WebGL creation failed: 
* WebglAllowWindowsNativeGl:false restricts context creation on this system. ()
* Exhausted GL driver options. (FEATURE_FAILURE_WEBGL_EXHAUSTED_DRIVERS)
JavaScript warning: https://www.amazon.com/Innate-vitality-Magnesium-Glycinate-500mg/product-reviews/B07K5WDLBG/?ie=UTF8&reviewerType=all_reviews&pageNumber=47 line 7 > injectedScript, line 1: WebGL warning: <Create>: WebglAllowWindowsNativeGl:false restricts context creation on this system.
JavaScript warning: https://www.amazon.com/Innate-vitality-Magnesium-Glycinate-500mg/product-reviews/B07K5WDLBG/?ie=UTF8&reviewerType=all_reviews&pageNumber=47 line 7 > injectedScript, line 1: Failed to create WebGL context: WebGL creation failed: 
* WebglAllowWindowsNativeGl:false restricts context creation on this system. ()
* Exhausted GL driver options. (FEATURE_FAILURE_WEBGL_EXHAUSTED_DRIVERS)
JavaScript warning: https://www.amazon.com/Innate-vitality-Magnesium-Glycinate-500mg/product-reviews/B07K5WDLBG/?ie=UTF8&reviewerType=all_reviews&pageNumber=47 line 7 > injectedScript, line 1: WebGL warning: <Create>: WebglAllowWindowsNativeGl:false restricts context creation on this system.
JavaScript warning: https://www.amazon.com/Innate-vitality-Magnesium-Glycinate-500mg/product-reviews/B07K5WDLBG/?ie=UTF8&reviewerType=all_reviews&pageNumber=47 line 7 > injectedScript, line 1: Failed to create WebGL context: WebGL creation failed: 
* WebglAllowWindowsNativeGl:false restricts context creation on this system. ()
* Exhausted GL driver options. (FEATURE_FAILURE_WEBGL_EXHAUSTED_DRIVERS)
JavaScript warning: https://www.amazon.com/Innate-vitality-Magnesium-Glycinate-500mg/product-reviews/B07K5WDLBG/?ie=UTF8&reviewerType=all_reviews&pageNumber=48 line 7 > injectedScript, line 1: WebGL warning: <Create>: WebglAllowWindowsNativeGl:false restricts context creation on this system.
JavaScript warning: https://www.amazon.com/Innate-vitality-Magnesium-Glycinate-500mg/product-reviews/B07K5WDLBG/?ie=UTF8&reviewerType=all_reviews&pageNumber=48 line 7 > injectedScript, line 1: Failed to create WebGL context: WebGL creation failed: 
* WebglAllowWindowsNativeGl:false restricts context creation on this system. ()
* Exhausted GL driver options. (FEATURE_FAILURE_WEBGL_EXHAUSTED_DRIVERS)
JavaScript warning: https://www.amazon.com/Innate-vitality-Magnesium-Glycinate-500mg/product-reviews/B07K5WDLBG/?ie=UTF8&reviewerType=all_reviews&pageNumber=48 line 7 > injectedScript, line 1: WebGL warning: <Create>: WebglAllowWindowsNativeGl:false restricts context creation on this system.
JavaScript warning: https://www.amazon.com/Innate-vitality-Magnesium-Glycinate-500mg/product-reviews/B07K5WDLBG/?ie=UTF8&reviewerType=all_reviews&pageNumber=48 line 7 > injectedScript, line 1: Failed to create WebGL context: WebGL creation failed: 
* WebglAllowWindowsNativeGl:false restricts context creation on this system. ()
* Exhausted GL driver options. (FEATURE_FAILURE_WEBGL_EXHAUSTED_DRIVERS)
JavaScript warning: https://www.amazon.com/Innate-vitality-Magnesium-Glycinate-500mg/product-reviews/B07K5WDLBG/?ie=UTF8&reviewerType=all_reviews&pageNumber=49 line 7 > injectedScript, line 1: WebGL warning: <Create>: WebglAllowWindowsNativeGl:false restricts context creation on this system.
JavaScript warning: https://www.amazon.com/Innate-vitality-Magnesium-Glycinate-500mg/product-reviews/B07K5WDLBG/?ie=UTF8&reviewerType=all_reviews&pageNumber=49 line 7 > injectedScript, line 1: Failed to create WebGL context: WebGL creation failed: 
* WebglAllowWindowsNativeGl:false restricts context creation on this system. ()
* Exhausted GL driver options. (FEATURE_FAILURE_WEBGL_EXHAUSTED_DRIVERS)
JavaScript warning: https://www.amazon.com/Innate-vitality-Magnesium-Glycinate-500mg/product-reviews/B07K5WDLBG/?ie=UTF8&reviewerType=all_reviews&pageNumber=49 line 7 > injectedScript, line 1: WebGL warning: <Create>: WebglAllowWindowsNativeGl:false restricts context creation on this system.
JavaScript warning: https://www.amazon.com/Innate-vitality-Magnesium-Glycinate-500mg/product-reviews/B07K5WDLBG/?ie=UTF8&reviewerType=all_reviews&pageNumber=49 line 7 > injectedScript, line 1: Failed to create WebGL context: WebGL creation failed: 
* WebglAllowWindowsNativeGl:false restricts context creation on this system. ()
* Exhausted GL driver options. (FEATURE_FAILURE_WEBGL_EXHAUSTED_DRIVERS)
1677187068486	Marionette	INFO	Stopped listening on port 34049
Missing chrome or resource URL: resource://gre/modules/UpdateListener.jsm
Missing chrome or resource URL: resource://gre/modules/UpdateListener.sys.mjs
console.error: "Error during quit-application-granted: [Exception... \"File error: Not found\"  nsresult: \"0x80520012 (NS_ERROR_FILE_NOT_FOUND)\"  location: \"JS frame :: resource:///modules/BrowserGlue.jsm :: _onQuitApplicationGranted/tasks< :: line 1996\"  data: no]"
